This is pdfTeX, Version 3.141592653-2.6-1.40.22 (MiKTeX 21.6.28) (preloaded format=pdflatex 2022.4.6)  6 APR 2022 08:50
entering extended mode
**./main.tex
(main.tex
LaTeX2e <2021-06-01> patch level 1
L3 programming layer <2021-06-18>
(C:\Users\ryanb.LAPTOP-4EHB9TVB\AppData\Local\Programs\MiKTeX\tex/latex/base\ar
ticle.cls
Document Class: article 2021/02/12 v1.4n Standard LaTeX document class

(C:\Users\ryanb.LAPTOP-4EHB9TVB\AppData\Local\Programs\MiKTeX\tex/latex/base\si
ze10.clo
File: size10.clo 2021/02/12 v1.4n Standard LaTeX file (size option)
)
\c@part=\count182
\c@section=\count183
\c@subsection=\count184
\c@subsubsection=\count185
\c@paragraph=\count186
\c@subparagraph=\count187
\c@figure=\count188
\c@table=\count189
\abovecaptionskip=\skip47
\belowcaptionskip=\skip48
\bibindent=\dimen138
)
(C:\Users\ryanb.LAPTOP-4EHB9TVB\AppData\Local\Programs\MiKTeX\tex/latex/base\in
putenc.sty
Package: inputenc 2021/02/14 v1.3d Input encoding file
\inpenc@prehook=\toks16
\inpenc@posthook=\toks17
)
(C:\Users\ryanb.LAPTOP-4EHB9TVB\AppData\Local\Programs\MiKTeX\tex/latex/geometr
y\geometry.sty
Package: geometry 2020/01/02 v5.9 Page Geometry

(C:\Users\ryanb.LAPTOP-4EHB9TVB\AppData\Local\Programs\MiKTeX\tex/latex/graphic
s\keyval.sty
Package: keyval 2014/10/28 v1.15 key=value parser (DPC)
\KV@toks@=\toks18
)
(C:\Users\ryanb.LAPTOP-4EHB9TVB\AppData\Local\Programs\MiKTeX\tex/generic/iftex
\ifvtex.sty
Package: ifvtex 2019/10/25 v1.7 ifvtex legacy package. Use iftex instead.

(C:\Users\ryanb.LAPTOP-4EHB9TVB\AppData\Local\Programs\MiKTeX\tex/generic/iftex
\iftex.sty
Package: iftex 2020/03/06 v1.0d TeX engine tests
))
\Gm@cnth=\count190
\Gm@cntv=\count191
\c@Gm@tempcnt=\count192
\Gm@bindingoffset=\dimen139
\Gm@wd@mp=\dimen140
\Gm@odd@mp=\dimen141
\Gm@even@mp=\dimen142
\Gm@layoutwidth=\dimen143
\Gm@layoutheight=\dimen144
\Gm@layouthoffset=\dimen145
\Gm@layoutvoffset=\dimen146
\Gm@dimlist=\toks19

(C:\Users\ryanb.LAPTOP-4EHB9TVB\AppData\Local\Programs\MiKTeX\tex/latex/geometr
y\geometry.cfg))
(C:\Users\ryanb.LAPTOP-4EHB9TVB\AppData\Local\Programs\MiKTeX\tex/latex/amsmath
\amsmath.sty
Package: amsmath 2021/04/20 v2.17j AMS math features
\@mathmargin=\skip49

For additional information on amsmath, use the `?' option.

(C:\Users\ryanb.LAPTOP-4EHB9TVB\AppData\Local\Programs\MiKTeX\tex/latex/amsmath
\amstext.sty
Package: amstext 2000/06/29 v2.01 AMS text

(C:\Users\ryanb.LAPTOP-4EHB9TVB\AppData\Local\Programs\MiKTeX\tex/latex/amsmath
\amsgen.sty
File: amsgen.sty 1999/11/30 v2.0 generic functions
\@emptytoks=\toks20
\ex@=\dimen147
))
(C:\Users\ryanb.LAPTOP-4EHB9TVB\AppData\Local\Programs\MiKTeX\tex/latex/amsmath
\amsbsy.sty
Package: amsbsy 1999/11/29 v1.2d Bold Symbols
\pmbraise@=\dimen148
)
(C:\Users\ryanb.LAPTOP-4EHB9TVB\AppData\Local\Programs\MiKTeX\tex/latex/amsmath
\amsopn.sty
Package: amsopn 2016/03/08 v2.02 operator names
)
\inf@bad=\count193
LaTeX Info: Redefining \frac on input line 234.
\uproot@=\count194
\leftroot@=\count195
LaTeX Info: Redefining \overline on input line 399.
\classnum@=\count196
\DOTSCASE@=\count197
LaTeX Info: Redefining \ldots on input line 496.
LaTeX Info: Redefining \dots on input line 499.
LaTeX Info: Redefining \cdots on input line 620.
\Mathstrutbox@=\box50
\strutbox@=\box51
\big@size=\dimen149
LaTeX Font Info:    Redeclaring font encoding OML on input line 743.
LaTeX Font Info:    Redeclaring font encoding OMS on input line 744.
\macc@depth=\count198
\c@MaxMatrixCols=\count199
\dotsspace@=\muskip16
\c@parentequation=\count266
\dspbrk@lvl=\count267
\tag@help=\toks21
\row@=\count268
\column@=\count269
\maxfields@=\count270
\andhelp@=\toks22
\eqnshift@=\dimen150
\alignsep@=\dimen151
\tagshift@=\dimen152
\tagwidth@=\dimen153
\totwidth@=\dimen154
\lineht@=\dimen155
\@envbody=\toks23
\multlinegap=\skip50
\multlinetaggap=\skip51
\mathdisplay@stack=\toks24
LaTeX Info: Redefining \[ on input line 2923.
LaTeX Info: Redefining \] on input line 2924.
)
(C:\Users\ryanb.LAPTOP-4EHB9TVB\AppData\Local\Programs\MiKTeX\tex/latex/amsfont
s\amsfonts.sty
Package: amsfonts 2013/01/14 v3.01 Basic AMSFonts support
\symAMSa=\mathgroup4
\symAMSb=\mathgroup5
LaTeX Font Info:    Redeclaring math symbol \hbar on input line 98.
LaTeX Font Info:    Overwriting math alphabet `\mathfrak' in version `bold'
(Font)                  U/euf/m/n --> U/euf/b/n on input line 106.
)
(C:\Users\ryanb.LAPTOP-4EHB9TVB\AppData\Local\Programs\MiKTeX\tex/latex/amsfont
s\amssymb.sty
Package: amssymb 2013/01/14 v3.01 AMS font symbols
)
(C:\Users\ryanb.LAPTOP-4EHB9TVB\AppData\Local\Programs\MiKTeX\tex/latex/tools\b
m.sty
Package: bm 2021/04/25 v1.2e Bold Symbol Support (DPC/FMi)
\symboldoperators=\mathgroup6
\symboldletters=\mathgroup7
\symboldsymbols=\mathgroup8
Package bm Info: No bold for \OMX/cmex/m/n, using \pmb.
Package bm Info: No bold for \U/msa/m/n, using \pmb.
Package bm Info: No bold for \U/msb/m/n, using \pmb.
LaTeX Font Info:    Redeclaring math alphabet \mathbf on input line 149.
)
(C:\Users\ryanb.LAPTOP-4EHB9TVB\AppData\Local\Programs\MiKTeX\tex/latex/hyperre
f\hyperref.sty
Package: hyperref 2021-06-07 v7.00m Hypertext links for LaTeX

(C:\Users\ryanb.LAPTOP-4EHB9TVB\AppData\Local\Programs\MiKTeX\tex/generic/ltxcm
ds\ltxcmds.sty
Package: ltxcmds 2020-05-10 v1.25 LaTeX kernel commands for general use (HO)
)
(C:\Users\ryanb.LAPTOP-4EHB9TVB\AppData\Local\Programs\MiKTeX\tex/generic/pdfte
xcmds\pdftexcmds.sty
Package: pdftexcmds 2020-06-27 v0.33 Utility functions of pdfTeX for LuaTeX (HO
)

(C:\Users\ryanb.LAPTOP-4EHB9TVB\AppData\Local\Programs\MiKTeX\tex/generic/infwa
rerr\infwarerr.sty
Package: infwarerr 2019/12/03 v1.5 Providing info/warning/error messages (HO)
)
Package pdftexcmds Info: \pdf@primitive is available.
Package pdftexcmds Info: \pdf@ifprimitive is available.
Package pdftexcmds Info: \pdfdraftmode found.
)
(C:\Users\ryanb.LAPTOP-4EHB9TVB\AppData\Local\Programs\MiKTeX\tex/generic/kvset
keys\kvsetkeys.sty
Package: kvsetkeys 2019/12/15 v1.18 Key value parser (HO)
)
(C:\Users\ryanb.LAPTOP-4EHB9TVB\AppData\Local\Programs\MiKTeX\tex/generic/kvdef
inekeys\kvdefinekeys.sty
Package: kvdefinekeys 2019-12-19 v1.6 Define keys (HO)
)
(C:\Users\ryanb.LAPTOP-4EHB9TVB\AppData\Local\Programs\MiKTeX\tex/generic/pdfes
cape\pdfescape.sty
Package: pdfescape 2019/12/09 v1.15 Implements pdfTeX's escape features (HO)
)
(C:\Users\ryanb.LAPTOP-4EHB9TVB\AppData\Local\Programs\MiKTeX\tex/latex/hycolor
\hycolor.sty
Package: hycolor 2020-01-27 v1.10 Color options for hyperref/bookmark (HO)
)
(C:\Users\ryanb.LAPTOP-4EHB9TVB\AppData\Local\Programs\MiKTeX\tex/latex/letltxm
acro\letltxmacro.sty
Package: letltxmacro 2019/12/03 v1.6 Let assignment for LaTeX macros (HO)
)
(C:\Users\ryanb.LAPTOP-4EHB9TVB\AppData\Local\Programs\MiKTeX\tex/latex/auxhook
\auxhook.sty
Package: auxhook 2019-12-17 v1.6 Hooks for auxiliary files (HO)
)
(C:\Users\ryanb.LAPTOP-4EHB9TVB\AppData\Local\Programs\MiKTeX\tex/latex/kvoptio
ns\kvoptions.sty
Package: kvoptions 2020-10-07 v3.14 Key value format for package options (HO)
)
\@linkdim=\dimen156
\Hy@linkcounter=\count271
\Hy@pagecounter=\count272

(C:\Users\ryanb.LAPTOP-4EHB9TVB\AppData\Local\Programs\MiKTeX\tex/latex/hyperre
f\pd1enc.def
File: pd1enc.def 2021-06-07 v7.00m Hyperref: PDFDocEncoding definition (HO)
Now handling font encoding PD1 ...
... no UTF-8 mapping file for font encoding PD1
)
(C:\Users\ryanb.LAPTOP-4EHB9TVB\AppData\Local\Programs\MiKTeX\tex/latex/hyperre
f\hyperref-langpatches.def
File: hyperref-langpatches.def 2021-06-07 v7.00m Hyperref: patches for babel la
nguages
)
(C:\Users\ryanb.LAPTOP-4EHB9TVB\AppData\Local\Programs\MiKTeX\tex/generic/intca
lc\intcalc.sty
Package: intcalc 2019/12/15 v1.3 Expandable calculations with integers (HO)
)
(C:\Users\ryanb.LAPTOP-4EHB9TVB\AppData\Local\Programs\MiKTeX\tex/generic/etexc
mds\etexcmds.sty
Package: etexcmds 2019/12/15 v1.7 Avoid name clashes with e-TeX commands (HO)
)
\Hy@SavedSpaceFactor=\count273

(C:\Users\ryanb.LAPTOP-4EHB9TVB\AppData\Local\Programs\MiKTeX\tex/latex/hyperre
f\puenc.def
File: puenc.def 2021-06-07 v7.00m Hyperref: PDF Unicode definition (HO)
Now handling font encoding PU ...
... no UTF-8 mapping file for font encoding PU
)
Package hyperref Info: Hyper figures OFF on input line 4192.
Package hyperref Info: Link nesting OFF on input line 4197.
Package hyperref Info: Hyper index ON on input line 4200.
Package hyperref Info: Plain pages OFF on input line 4207.
Package hyperref Info: Backreferencing OFF on input line 4212.
Package hyperref Info: Implicit mode ON; LaTeX internals redefined.
Package hyperref Info: Bookmarks ON on input line 4445.
\c@Hy@tempcnt=\count274

(C:\Users\ryanb.LAPTOP-4EHB9TVB\AppData\Local\Programs\MiKTeX\tex/latex/url\url
.sty
\Urlmuskip=\muskip17
Package: url 2013/09/16  ver 3.4  Verb mode for urls, etc.
)
LaTeX Info: Redefining \url on input line 4804.
\XeTeXLinkMargin=\dimen157

(C:\Users\ryanb.LAPTOP-4EHB9TVB\AppData\Local\Programs\MiKTeX\tex/generic/bitse
t\bitset.sty
Package: bitset 2019/12/09 v1.3 Handle bit-vector datatype (HO)

(C:\Users\ryanb.LAPTOP-4EHB9TVB\AppData\Local\Programs\MiKTeX\tex/generic/bigin
tcalc\bigintcalc.sty
Package: bigintcalc 2019/12/15 v1.5 Expandable calculations on big integers (HO
)
))
\Fld@menulength=\count275
\Field@Width=\dimen158
\Fld@charsize=\dimen159
Package hyperref Info: Hyper figures OFF on input line 6076.
Package hyperref Info: Link nesting OFF on input line 6081.
Package hyperref Info: Hyper index ON on input line 6084.
Package hyperref Info: backreferencing OFF on input line 6091.
Package hyperref Info: Link coloring OFF on input line 6096.
Package hyperref Info: Link coloring with OCG OFF on input line 6101.
Package hyperref Info: PDF/A mode OFF on input line 6106.
LaTeX Info: Redefining \ref on input line 6146.
LaTeX Info: Redefining \pageref on input line 6150.

(C:\Users\ryanb.LAPTOP-4EHB9TVB\AppData\Local\Programs\MiKTeX\tex/latex/base\at
begshi-ltx.sty
Package: atbegshi-ltx 2021/01/10 v1.0c Emulation of the original atbegshi
package with kernel methods
)
\Hy@abspage=\count276
\c@Item=\count277
\c@Hfootnote=\count278
)
Package hyperref Info: Driver (autodetected): hpdftex.

(C:\Users\ryanb.LAPTOP-4EHB9TVB\AppData\Local\Programs\MiKTeX\tex/latex/hyperre
f\hpdftex.def
File: hpdftex.def 2021-06-07 v7.00m Hyperref driver for pdfTeX

(C:\Users\ryanb.LAPTOP-4EHB9TVB\AppData\Local\Programs\MiKTeX\tex/latex/base\at
veryend-ltx.sty
Package: atveryend-ltx 2020/08/19 v1.0a Emulation of the original atvery packag
e
with kernel methods
)
\Fld@listcount=\count279
\c@bookmark@seq@number=\count280

(C:\Users\ryanb.LAPTOP-4EHB9TVB\AppData\Local\Programs\MiKTeX\tex/latex/rerunfi
lecheck\rerunfilecheck.sty
Package: rerunfilecheck 2019/12/05 v1.9 Rerun checks for auxiliary files (HO)

(C:\Users\ryanb.LAPTOP-4EHB9TVB\AppData\Local\Programs\MiKTeX\tex/generic/uniqu
ecounter\uniquecounter.sty
Package: uniquecounter 2019/12/15 v1.4 Provide unlimited unique counter (HO)
)
Package uniquecounter Info: New unique counter `rerunfilecheck' on input line 2
86.
)
\Hy@SectionHShift=\skip52
)
(C:\Users\ryanb.LAPTOP-4EHB9TVB\AppData\Local\Programs\MiKTeX\tex/latex/booktab
s\booktabs.sty
Package: booktabs 2020/01/12 v1.61803398 Publication quality tables
\heavyrulewidth=\dimen160
\lightrulewidth=\dimen161
\cmidrulewidth=\dimen162
\belowrulesep=\dimen163
\belowbottomsep=\dimen164
\aboverulesep=\dimen165
\abovetopsep=\dimen166
\cmidrulesep=\dimen167
\cmidrulekern=\dimen168
\defaultaddspace=\dimen169
\@cmidla=\count281
\@cmidlb=\count282
\@aboverulesep=\dimen170
\@belowrulesep=\dimen171
\@thisruleclass=\count283
\@lastruleclass=\count284
\@thisrulewidth=\dimen172
)
(C:\Users\ryanb.LAPTOP-4EHB9TVB\AppData\Local\Programs\MiKTeX\tex/latex/multiro
w\multirow.sty
Package: multirow 2021/03/15 v2.8 Span multiple rows of a table
\multirow@colwidth=\skip53
\multirow@cntb=\count285
\multirow@dima=\skip54
\bigstrutjot=\dimen173
)
(C:\Users\ryanb.LAPTOP-4EHB9TVB\AppData\Local\Programs\MiKTeX\tex/latex/graphic
s\graphicx.sty
Package: graphicx 2020/12/05 v1.2c Enhanced LaTeX Graphics (DPC,SPQR)

(C:\Users\ryanb.LAPTOP-4EHB9TVB\AppData\Local\Programs\MiKTeX\tex/latex/graphic
s\graphics.sty
Package: graphics 2021/03/04 v1.4d Standard LaTeX Graphics (DPC,SPQR)

(C:\Users\ryanb.LAPTOP-4EHB9TVB\AppData\Local\Programs\MiKTeX\tex/latex/graphic
s\trig.sty
Package: trig 2016/01/03 v1.10 sin cos tan (DPC)
)
(C:\Users\ryanb.LAPTOP-4EHB9TVB\AppData\Local\Programs\MiKTeX\tex/latex/graphic
s-cfg\graphics.cfg
File: graphics.cfg 2016/06/04 v1.11 sample graphics configuration
)
Package graphics Info: Driver file: pdftex.def on input line 107.

(C:\Users\ryanb.LAPTOP-4EHB9TVB\AppData\Local\Programs\MiKTeX\tex/latex/graphic
s-def\pdftex.def
File: pdftex.def 2020/10/05 v1.2a Graphics/color driver for pdftex
))
\Gin@req@height=\dimen174
\Gin@req@width=\dimen175
)
(C:\Users\ryanb.LAPTOP-4EHB9TVB\AppData\Local\Programs\MiKTeX\tex/latex/caption
\caption.sty
Package: caption 2020/10/26 v3.5g Customizing captions (AR)

(C:\Users\ryanb.LAPTOP-4EHB9TVB\AppData\Local\Programs\MiKTeX\tex/latex/caption
\caption3.sty
Package: caption3 2020/10/21 v2.2e caption3 kernel (AR)
\captionmargin=\dimen176
\captionmargin@=\dimen177
\captionwidth=\dimen178
\caption@tempdima=\dimen179
\caption@indent=\dimen180
\caption@parindent=\dimen181
\caption@hangindent=\dimen182
Package caption Info: Standard document class detected.
)
\c@caption@flags=\count286
\c@continuedfloat=\count287
Package caption Info: hyperref package is loaded.
)
(C:\Users\ryanb.LAPTOP-4EHB9TVB\AppData\Local\Programs\MiKTeX\tex/latex/caption
\subcaption.sty
Package: subcaption 2020/10/07 v1.3j Sub-captions (AR)
\c@subfigure=\count288
\c@subtable=\count289
)
(C:\Users\ryanb.LAPTOP-4EHB9TVB\AppData\Local\Programs\MiKTeX\tex/latex/biblate
x\biblatex.sty
Package: biblatex 2020/12/31 v3.16 programmable bibliographies (PK/MW)

(C:\Users\ryanb.LAPTOP-4EHB9TVB\AppData\Local\Programs\MiKTeX\tex/latex/etoolbo
x\etoolbox.sty
Package: etoolbox 2020/10/05 v2.5k e-TeX tools for LaTeX (JAW)
\etb@tempcnta=\count290
)
(C:\Users\ryanb.LAPTOP-4EHB9TVB\AppData\Local\Programs\MiKTeX\tex/latex/logreq\
logreq.sty
Package: logreq 2010/08/04 v1.0 xml request logger
\lrq@indent=\count291

(C:\Users\ryanb.LAPTOP-4EHB9TVB\AppData\Local\Programs\MiKTeX\tex/latex/logreq\
logreq.def
File: logreq.def 2010/08/04 v1.0 logreq spec v1.0
))
(C:\Users\ryanb.LAPTOP-4EHB9TVB\AppData\Local\Programs\MiKTeX\tex/latex/base\if
then.sty
Package: ifthen 2020/11/24 v1.1c Standard LaTeX ifthen package (DPC)
)
\c@tabx@nest=\count292
\c@listtotal=\count293
\c@listcount=\count294
\c@liststart=\count295
\c@liststop=\count296
\c@citecount=\count297
\c@citetotal=\count298
\c@multicitecount=\count299
\c@multicitetotal=\count300
\c@instcount=\count301
\c@maxnames=\count302
\c@minnames=\count303
\c@maxitems=\count304
\c@minitems=\count305
\c@citecounter=\count306
\c@maxcitecounter=\count307
\c@savedcitecounter=\count308
\c@uniquelist=\count309
\c@uniquename=\count310
\c@refsection=\count311
\c@refsegment=\count312
\c@maxextratitle=\count313
\c@maxextratitleyear=\count314
\c@maxextraname=\count315
\c@maxextradate=\count316
\c@maxextraalpha=\count317
\c@abbrvpenalty=\count318
\c@highnamepenalty=\count319
\c@lownamepenalty=\count320
\c@maxparens=\count321
\c@parenlevel=\count322
\blx@tempcnta=\count323
\blx@tempcntb=\count324
\blx@tempcntc=\count325
\blx@maxsection=\count326
\blx@maxsegment@0=\count327
\blx@notetype=\count328
\blx@parenlevel@text=\count329
\blx@parenlevel@foot=\count330
\blx@sectionciteorder@0=\count331
\blx@entrysetcounter=\count332
\blx@biblioinstance=\count333
\labelnumberwidth=\skip55
\labelalphawidth=\skip56
\biblabelsep=\skip57
\bibitemsep=\skip58
\bibnamesep=\skip59
\bibinitsep=\skip60
\bibparsep=\skip61
\bibhang=\skip62
\blx@bcfin=\read2
\blx@bcfout=\write3
\blx@langwohyphens=\language79
\c@mincomprange=\count334
\c@maxcomprange=\count335
\c@mincompwidth=\count336
Package biblatex Info: Trying to load biblatex default data model...
Package biblatex Info: ... file 'blx-dm.def' found.

(C:\Users\ryanb.LAPTOP-4EHB9TVB\AppData\Local\Programs\MiKTeX\tex/latex/biblate
x\blx-dm.def
File: blx-dm.def 2020/12/31 v3.16 biblatex localization (PK/MW)
)
Package biblatex Info: Trying to load biblatex citestyle data model...
Package biblatex Info: ... file 'numeric.dbx' not found.
Package biblatex Info: Trying to load biblatex custom data model...
Package biblatex Info: ... file 'biblatex-dm.cfg' not found.
\c@afterword=\count337
\c@savedafterword=\count338
\c@annotator=\count339
\c@savedannotator=\count340
\c@author=\count341
\c@savedauthor=\count342
\c@bookauthor=\count343
\c@savedbookauthor=\count344
\c@commentator=\count345
\c@savedcommentator=\count346
\c@editor=\count347
\c@savededitor=\count348
\c@editora=\count349
\c@savededitora=\count350
\c@editorb=\count351
\c@savededitorb=\count352
\c@editorc=\count353
\c@savededitorc=\count354
\c@foreword=\count355
\c@savedforeword=\count356
\c@holder=\count357
\c@savedholder=\count358
\c@introduction=\count359
\c@savedintroduction=\count360
\c@namea=\count361
\c@savednamea=\count362
\c@nameb=\count363
\c@savednameb=\count364
\c@namec=\count365
\c@savednamec=\count366
\c@translator=\count367
\c@savedtranslator=\count368
\c@shortauthor=\count369
\c@savedshortauthor=\count370
\c@shorteditor=\count371
\c@savedshorteditor=\count372
\c@labelname=\count373
\c@savedlabelname=\count374
\c@institution=\count375
\c@savedinstitution=\count376
\c@lista=\count377
\c@savedlista=\count378
\c@listb=\count379
\c@savedlistb=\count380
\c@listc=\count381
\c@savedlistc=\count382
\c@listd=\count383
\c@savedlistd=\count384
\c@liste=\count385
\c@savedliste=\count386
\c@listf=\count387
\c@savedlistf=\count388
\c@location=\count389
\c@savedlocation=\count390
\c@organization=\count391
\c@savedorganization=\count392
\c@origlocation=\count393
\c@savedoriglocation=\count394
\c@origpublisher=\count395
\c@savedorigpublisher=\count396
\c@publisher=\count397
\c@savedpublisher=\count398
\c@language=\count399
\c@savedlanguage=\count400
\c@origlanguage=\count401
\c@savedoriglanguage=\count402
\c@pageref=\count403
\c@savedpageref=\count404
\shorthandwidth=\skip63
\shortjournalwidth=\skip64
\shortserieswidth=\skip65
\shorttitlewidth=\skip66
\shortauthorwidth=\skip67
\shorteditorwidth=\skip68
\locallabelnumberwidth=\skip69
\locallabelalphawidth=\skip70
\localshorthandwidth=\skip71
\localshortjournalwidth=\skip72
\localshortserieswidth=\skip73
\localshorttitlewidth=\skip74
\localshortauthorwidth=\skip75
\localshorteditorwidth=\skip76
Package biblatex Info: Trying to load compatibility code...
Package biblatex Info: ... file 'blx-compat.def' found.

(C:\Users\ryanb.LAPTOP-4EHB9TVB\AppData\Local\Programs\MiKTeX\tex/latex/biblate
x\blx-compat.def
File: blx-compat.def 2020/12/31 v3.16 biblatex compatibility (PK/MW)
)
Package biblatex Info: Trying to load generic definitions...
Package biblatex Info: ... file 'biblatex.def' found.

(C:\Users\ryanb.LAPTOP-4EHB9TVB\AppData\Local\Programs\MiKTeX\tex/latex/biblate
x\biblatex.def
File: biblatex.def 2020/12/31 v3.16 biblatex compatibility (PK/MW)
\c@textcitecount=\count405
\c@textcitetotal=\count406
\c@textcitemaxnames=\count407
\c@biburlbigbreakpenalty=\count408
\c@biburlbreakpenalty=\count409
\c@biburlnumpenalty=\count410
\c@biburlucpenalty=\count411
\c@biburllcpenalty=\count412
\biburlbigskip=\muskip18
\biburlnumskip=\muskip19
\biburlucskip=\muskip20
\biburllcskip=\muskip21
\c@smartand=\count413
)
Package biblatex Info: Trying to load bibliography style 'numeric'...
Package biblatex Info: ... file 'numeric.bbx' found.

(C:\Users\ryanb.LAPTOP-4EHB9TVB\AppData\Local\Programs\MiKTeX\tex/latex/biblate
x/bbx\numeric.bbx
File: numeric.bbx 2020/12/31 v3.16 biblatex bibliography style (PK/MW)
Package biblatex Info: Trying to load bibliography style 'standard'...
Package biblatex Info: ... file 'standard.bbx' found.

(C:\Users\ryanb.LAPTOP-4EHB9TVB\AppData\Local\Programs\MiKTeX\tex/latex/biblate
x/bbx\standard.bbx
File: standard.bbx 2020/12/31 v3.16 biblatex bibliography style (PK/MW)
\c@bbx:relatedcount=\count414
\c@bbx:relatedtotal=\count415
))
Package biblatex Info: Trying to load citation style 'numeric'...
Package biblatex Info: ... file 'numeric.cbx' found.

(C:\Users\ryanb.LAPTOP-4EHB9TVB\AppData\Local\Programs\MiKTeX\tex/latex/biblate
x/cbx\numeric.cbx
File: numeric.cbx 2020/12/31 v3.16 biblatex citation style (PK/MW)
Package biblatex Info: Redefining '\cite'.
Package biblatex Info: Redefining '\parencite'.
Package biblatex Info: Redefining '\footcite'.
Package biblatex Info: Redefining '\footcitetext'.
Package biblatex Info: Redefining '\smartcite'.
Package biblatex Info: Redefining '\supercite'.
Package biblatex Info: Redefining '\textcite'.
Package biblatex Info: Redefining '\textcites'.
Package biblatex Info: Redefining '\cites'.
Package biblatex Info: Redefining '\parencites'.
Package biblatex Info: Redefining '\smartcites'.
)
Package biblatex Info: Trying to load configuration file...
Package biblatex Info: ... file 'biblatex.cfg' found.

(C:\Users\ryanb.LAPTOP-4EHB9TVB\AppData\Local\Programs\MiKTeX\tex/latex/biblate
x\biblatex.cfg
File: biblatex.cfg 
))
\@quotelevel=\count416
\@quotereset=\count417

(C:\Users\ryanb.LAPTOP-4EHB9TVB\AppData\Local\Programs\MiKTeX\tex/latex/l3backe
nd\l3backend-pdftex.def
File: l3backend-pdftex.def 2021-05-07 L3 backend support: PDF output (pdfTeX)
\l__color_backend_stack_int=\count418
\l__pdf_internal_box=\box52
)
(G:\My Drive\Github\MIL_780_assignments\Assignment 1\Write up\build\main.aux

LaTeX Warning: Label `fig:Q1a_6' multiply defined.


LaTeX Warning: Label `section:unforced_parameter_recovery' multiply defined.

)
\openout1 = `main.aux'.

LaTeX Font Info:    Checking defaults for OML/cmm/m/it on input line 35.
LaTeX Font Info:    ... okay on input line 35.
LaTeX Font Info:    Checking defaults for OMS/cmsy/m/n on input line 35.
LaTeX Font Info:    ... okay on input line 35.
LaTeX Font Info:    Checking defaults for OT1/cmr/m/n on input line 35.
LaTeX Font Info:    ... okay on input line 35.
LaTeX Font Info:    Checking defaults for T1/cmr/m/n on input line 35.
LaTeX Font Info:    ... okay on input line 35.
LaTeX Font Info:    Checking defaults for TS1/cmr/m/n on input line 35.
LaTeX Font Info:    ... okay on input line 35.
LaTeX Font Info:    Checking defaults for OMX/cmex/m/n on input line 35.
LaTeX Font Info:    ... okay on input line 35.
LaTeX Font Info:    Checking defaults for U/cmr/m/n on input line 35.
LaTeX Font Info:    ... okay on input line 35.
LaTeX Font Info:    Checking defaults for PD1/pdf/m/n on input line 35.
LaTeX Font Info:    ... okay on input line 35.
LaTeX Font Info:    Checking defaults for PU/pdf/m/n on input line 35.
LaTeX Font Info:    ... okay on input line 35.

*geometry* driver: auto-detecting
*geometry* detected driver: pdftex
*geometry* verbose mode - [ preamble ] result:
* driver: pdftex
* paper: <default>
* layout: <same size as paper>
* layoutoffset:(h,v)=(0.0pt,0.0pt)
* modes: 
* h-part:(L,W,R)=(57.81621pt, 498.66258pt, 57.81621pt)
* v-part:(T,H,B)=(57.81621pt, 679.33757pt, 57.81621pt)
* \paperwidth=614.295pt
* \paperheight=794.96999pt
* \textwidth=498.66258pt
* \textheight=679.33757pt
* \oddsidemargin=-14.45378pt
* \evensidemargin=-14.45378pt
* \topmargin=-51.45378pt
* \headheight=12.0pt
* \headsep=25.0pt
* \topskip=10.0pt
* \footskip=30.0pt
* \marginparwidth=65.0pt
* \marginparsep=11.0pt
* \columnsep=10.0pt
* \skip\footins=9.0pt plus 4.0pt minus 2.0pt
* \hoffset=0.0pt
* \voffset=0.0pt
* \mag=1000
* \@twocolumnfalse
* \@twosidefalse
* \@mparswitchfalse
* \@reversemarginfalse
* (1in=72.27pt=25.4mm, 1cm=28.453pt)

Package hyperref Info: Link coloring OFF on input line 35.

(C:\Users\ryanb.LAPTOP-4EHB9TVB\AppData\Local\Programs\MiKTeX\tex/latex/hyperre
f\nameref.sty
Package: nameref 2021-04-02 v2.47 Cross-referencing by name of section

(C:\Users\ryanb.LAPTOP-4EHB9TVB\AppData\Local\Programs\MiKTeX\tex/latex/refcoun
t\refcount.sty
Package: refcount 2019/12/15 v3.6 Data extraction from label references (HO)
)
(C:\Users\ryanb.LAPTOP-4EHB9TVB\AppData\Local\Programs\MiKTeX\tex/generic/getti
tlestring\gettitlestring.sty
Package: gettitlestring 2019/12/15 v1.6 Cleanup title references (HO)
)
\c@section@level=\count419
)
LaTeX Info: Redefining \ref on input line 35.
LaTeX Info: Redefining \pageref on input line 35.
LaTeX Info: Redefining \nameref on input line 35.

(G:\My Drive\Github\MIL_780_assignments\Assignment 1\Write up\build\main.out)
(G:\My Drive\Github\MIL_780_assignments\Assignment 1\Write up\build\main.out)
\@outlinefile=\write4
\openout4 = `main.out'.


(C:\Users\ryanb.LAPTOP-4EHB9TVB\AppData\Local\Programs\MiKTeX\tex/context/base/
mkii\supp-pdf.mkii
[Loading MPS to PDF converter (version 2006.09.02).]
\scratchcounter=\count420
\scratchdimen=\dimen183
\scratchbox=\box53
\nofMPsegments=\count421
\nofMParguments=\count422
\everyMPshowfont=\toks25
\MPscratchCnt=\count423
\MPscratchDim=\dimen184
\MPnumerator=\count424
\makeMPintoPDFobject=\count425
\everyMPtoPDFconversion=\toks26
)
(C:\Users\ryanb.LAPTOP-4EHB9TVB\AppData\Local\Programs\MiKTeX\tex/latex/epstopd
f-pkg\epstopdf-base.sty
Package: epstopdf-base 2020-01-24 v2.11 Base part for package epstopdf
Package epstopdf-base Info: Redefining graphics rule for `.eps' on input line 4
85.

(C:\Users\ryanb.LAPTOP-4EHB9TVB\AppData\Local\Programs\MiKTeX\tex/latex/00mikte
x\epstopdf-sys.cfg
File: epstopdf-sys.cfg 2021/03/18 v2.0 Configuration of epstopdf for MiKTeX
))
Package caption Info: Begin \AtBeginDocument code.
Package caption Info: End \AtBeginDocument code.
Package biblatex Info: Trying to load language 'english'...
Package biblatex Info: ... file 'english.lbx' found.

(C:\Users\ryanb.LAPTOP-4EHB9TVB\AppData\Local\Programs\MiKTeX\tex/latex/biblate
x/lbx\english.lbx
File: english.lbx 2020/12/31 v3.16 biblatex localization (PK/MW)
)
Package biblatex Info: Input encoding 'utf8' detected.
Package biblatex Info: Automatic encoding selection.
(biblatex)             Assuming data encoding 'utf8'.
Package biblatex Info: Document encoding is UTF8 ....

(C:\Users\ryanb.LAPTOP-4EHB9TVB\AppData\Local\Programs\MiKTeX\tex/latex/l3kerne
l\expl3.sty
Package: expl3 2021-06-18 L3 programming layer (loader) 
)
Package biblatex Info: ... and expl3
(biblatex)             2021-06-18 L3 programming layer (loader) 
(biblatex)             is new enough (at least 2020/04/06),
(biblatex)             setting 'casechanger=expl3'.

(C:\Users\ryanb.LAPTOP-4EHB9TVB\AppData\Local\Programs\MiKTeX\tex/latex/biblate
x\blx-case-expl3.sty
(C:\Users\ryanb.LAPTOP-4EHB9TVB\AppData\Local\Programs\MiKTeX\tex/latex/l3packa
ges/xparse\xparse.sty
Package: xparse 2021-06-18 L3 Experimental document command parser
)
Package: blx-case-expl3 2020/12/31 v3.16 expl3 case changing code for biblatex
)
\openout3 = `main.bcf'.

Package biblatex Info: Trying to load bibliographic data...
Package biblatex Info: ... file 'main.bbl' not found.

No file main.bbl.
Package biblatex Info: Reference section=0 on input line 35.
Package biblatex Info: Reference segment=0 on input line 35.
LaTeX Font Info:    Trying to load font information for U+msa on input line 38.


(C:\Users\ryanb.LAPTOP-4EHB9TVB\AppData\Local\Programs\MiKTeX\tex/latex/amsfont
s\umsa.fd
File: umsa.fd 2013/01/14 v3.01 AMS symbols A
)
LaTeX Font Info:    Trying to load font information for U+msb on input line 38.


(C:\Users\ryanb.LAPTOP-4EHB9TVB\AppData\Local\Programs\MiKTeX\tex/latex/amsfont
s\umsb.fd
File: umsb.fd 2013/01/14 v3.01 AMS symbols B
)
<images//Q1a_fig1.png, id=159, 433.62pt x 289.08pt>
File: images//Q1a_fig1.png Graphic file (type png)
<use images//Q1a_fig1.png>
Package pdftex.def Info: images//Q1a_fig1.png  used on input line 55.
(pdftex.def)             Requested size: 149.6003pt x 99.7327pt.
<images//Q1a_fig2.png, id=161, 433.62pt x 289.08pt>
File: images//Q1a_fig2.png Graphic file (type png)
<use images//Q1a_fig2.png>
Package pdftex.def Info: images//Q1a_fig2.png  used on input line 61.
(pdftex.def)             Requested size: 149.6003pt x 99.7327pt.
<images//Q1a_fig3.png, id=162, 433.62pt x 289.08pt>
File: images//Q1a_fig3.png Graphic file (type png)
<use images//Q1a_fig3.png>
Package pdftex.def Info: images//Q1a_fig3.png  used on input line 67.
(pdftex.def)             Requested size: 149.6003pt x 99.7327pt.


Package hyperref Warning: Token not allowed in a PDF string (Unicode):
(hyperref)                removing `math shift' on input line 74.


Package hyperref Warning: Token not allowed in a PDF string (Unicode):
(hyperref)                removing `math shift' on input line 74.

<images//Q1a_fig4.png, id=164, 433.62pt x 289.08pt>
File: images//Q1a_fig4.png Graphic file (type png)
<use images//Q1a_fig4.png>
Package pdftex.def Info: images//Q1a_fig4.png  used on input line 83.
(pdftex.def)             Requested size: 216.80946pt x 144.53964pt.
[1

{C:/Users/ryanb.LAPTOP-4EHB9TVB/AppData/Local/MiKTeX/pdftex/config/pdftex.map} 
<./images//Q1a_fig1.png> <./images//Q1a_fig2.png> <./images//Q1a_fig3.png>]
[2 <./images//Q1a_fig4.png>]
<images//Q1a_fig5.png, id=208, 867.24pt x 433.62pt>
File: images//Q1a_fig5.png Graphic file (type png)
<use images//Q1a_fig5.png>
Package pdftex.def Info: images//Q1a_fig5.png  used on input line 141.
(pdftex.def)             Requested size: 433.61894pt x 216.80946pt.
<images//Q1a_fig6.png, id=213, 433.62pt x 289.08pt>
File: images//Q1a_fig6.png Graphic file (type png)
<use images//Q1a_fig6.png>
Package pdftex.def Info: images//Q1a_fig6.png  used on input line 164.
(pdftex.def)             Requested size: 224.39664pt x 149.59904pt.
<images//Q1a_fig7.png, id=214, 433.62pt x 289.08pt>
File: images//Q1a_fig7.png Graphic file (type png)
<use images//Q1a_fig7.png>
Package pdftex.def Info: images//Q1a_fig7.png  used on input line 170.
(pdftex.def)             Requested size: 224.39664pt x 149.59904pt.
<images//Q1a_fig8.png, id=220, 433.62pt x 289.08pt>
File: images//Q1a_fig8.png Graphic file (type png)
<use images//Q1a_fig8.png>
Package pdftex.def Info: images//Q1a_fig8.png  used on input line 193.
(pdftex.def)             Requested size: 216.80946pt x 144.53964pt.
 [3 <./images//Q1a_fig5.png>]
<images//Q1a_fig9.png, id=234, 402.50375pt x 266.9975pt>
File: images//Q1a_fig9.png Graphic file (type png)
<use images//Q1a_fig9.png>
Package pdftex.def Info: images//Q1a_fig9.png  used on input line 202.
(pdftex.def)             Requested size: 224.39664pt x 148.84943pt.
<images//Q1a_fig10.png, id=235, 433.62pt x 289.08pt>
File: images//Q1a_fig10.png Graphic file (type png)
<use images//Q1a_fig10.png>
Package pdftex.def Info: images//Q1a_fig10.png  used on input line 208.
(pdftex.def)             Requested size: 224.39664pt x 149.59904pt.
 [4 <./images//Q1a_fig6.png> <./images//Q1a_fig7.png> <./images//Q1a_fig8.png>]
<images//Q1a_fig11.png, id=249, 433.62pt x 289.08pt>
File: images//Q1a_fig11.png Graphic file (type png)
<use images//Q1a_fig11.png>
Package pdftex.def Info: images//Q1a_fig11.png  used on input line 237.
(pdftex.def)             Requested size: 224.39664pt x 149.59904pt.
<images//Q1a_fig12.png, id=250, 433.62pt x 289.08pt>
File: images//Q1a_fig12.png Graphic file (type png)
<use images//Q1a_fig12.png>
Package pdftex.def Info: images//Q1a_fig12.png  used on input line 243.
(pdftex.def)             Requested size: 224.39664pt x 149.59904pt.
 [5 <./images//Q1a_fig9.png> <./images//Q1a_fig10.png> <./images//Q1a_fig11.png
> <./images//Q1a_fig12.png>]
<images//Q1b_fig1.png, id=266, 433.62pt x 289.08pt>
File: images//Q1b_fig1.png Graphic file (type png)
<use images//Q1b_fig1.png>
Package pdftex.def Info: images//Q1b_fig1.png  used on input line 285.
(pdftex.def)             Requested size: 216.80946pt x 144.53964pt.
 [6 <./images//Q1b_fig1.png>]
<images//Q1b_fig2.png, id=282, 722.7pt x 722.7pt>
File: images//Q1b_fig2.png Graphic file (type png)
<use images//Q1b_fig2.png>
Package pdftex.def Info: images//Q1b_fig2.png  used on input line 337.
(pdftex.def)             Requested size: 224.39664pt x 224.39859pt.
<images//Q1b_fig3.png, id=283, 722.7pt x 722.7pt>
File: images//Q1b_fig3.png Graphic file (type png)
<use images//Q1b_fig3.png>
Package pdftex.def Info: images//Q1b_fig3.png  used on input line 343.
(pdftex.def)             Requested size: 224.39664pt x 224.39859pt.
<images//Q1b_fig4.png, id=286, 433.62pt x 289.08pt>
File: images//Q1b_fig4.png Graphic file (type png)
<use images//Q1b_fig4.png>
Package pdftex.def Info: images//Q1b_fig4.png  used on input line 367.
(pdftex.def)             Requested size: 260.17401pt x 173.44933pt.
 [7] [8 <./images//Q1b_fig2.png> <./images//Q1b_fig3.png> <./images//Q1b_fig4.p
ng>]
<images//Q1c_fig1.png, id=309, 433.62pt x 289.08pt>
File: images//Q1c_fig1.png Graphic file (type png)
<use images//Q1c_fig1.png>
Package pdftex.def Info: images//Q1c_fig1.png  used on input line 387.
(pdftex.def)             Requested size: 260.17401pt x 173.44933pt.
<images//Q1c_fig2.png, id=316, 433.62pt x 289.08pt>
File: images//Q1c_fig2.png Graphic file (type png)
<use images//Q1c_fig2.png>
Package pdftex.def Info: images//Q1c_fig2.png  used on input line 415.
(pdftex.def)             Requested size: 224.39664pt x 149.59904pt.
<images//Q1c_fig3.png, id=317, 433.62pt x 289.08pt>
File: images//Q1c_fig3.png Graphic file (type png)
<use images//Q1c_fig3.png>
Package pdftex.def Info: images//Q1c_fig3.png  used on input line 421.
(pdftex.def)             Requested size: 224.39664pt x 149.59904pt.
 [9 <./images//Q1c_fig1.png>] [10 <./images//Q1c_fig2.png> <./images//Q1c_fig3.
png>]
<images//Q2a_fig1.png, id=343, 433.62pt x 289.08pt>
File: images//Q2a_fig1.png Graphic file (type png)
<use images//Q2a_fig1.png>
Package pdftex.def Info: images//Q2a_fig1.png  used on input line 462.
(pdftex.def)             Requested size: 224.39664pt x 149.59904pt.
<images//Q2a_fig2.png, id=344, 433.62pt x 289.08pt>
File: images//Q2a_fig2.png Graphic file (type png)
<use images//Q2a_fig2.png>
Package pdftex.def Info: images//Q2a_fig2.png  used on input line 468.
(pdftex.def)             Requested size: 224.39664pt x 149.59904pt.
 [11

 <./images//Q2a_fig1.png> <./images//Q2a_fig2.png>]

LaTeX Warning: Citation 'Petersen2006TheMC' on page 12 undefined on input line 
525.

[12]
Overfull \hbox (0.44092pt too wide) in paragraph at lines 550--551
[]\OT1/cmr/m/n/10 In term two of the ob-jec-tive func-tion, we see that we have
 a sum-ma-tion over $\OML/cmm/m/it/10 N$ \OT1/cmr/m/n/10 of the outer prod-uct 
$\OML/cmm/b/it/10 \OT1/cmr/m/n/10 (\OML/cmm/m/it/10 x[]\OT1/cmr/m/n/10 )\OML/c
mm/b/it/10 []\OT1/cmr/m/n/10 (\OML/cmm/m/it/10 x[]\OT1/cmr/m/n/10 )$.
 []


LaTeX Warning: Citation 'bishop2006' on page 13 undefined on input line 607.

[13]
<images//Q2a_fig3.png, id=387, 867.24pt x 867.24pt>
File: images//Q2a_fig3.png Graphic file (type png)
<use images//Q2a_fig3.png>
Package pdftex.def Info: images//Q2a_fig3.png  used on input line 662.
(pdftex.def)             Requested size: 260.17401pt x 260.17401pt.
 [14] [15 <./images//Q2a_fig3.png>]
<images//Q2a_fig4.png, id=415, 433.62pt x 289.08pt>
File: images//Q2a_fig4.png Graphic file (type png)
<use images//Q2a_fig4.png>
Package pdftex.def Info: images//Q2a_fig4.png  used on input line 724.
(pdftex.def)             Requested size: 216.80946pt x 144.53964pt.
<images//Q2b_fig1.png, id=417, 433.62pt x 289.08pt>
File: images//Q2b_fig1.png Graphic file (type png)
<use images//Q2b_fig1.png>
Package pdftex.def Info: images//Q2b_fig1.png  used on input line 737.
(pdftex.def)             Requested size: 216.80946pt x 144.53964pt.
 [16 <./images//Q2a_fig4.png>]
<images//Q2b_fig2.png, id=431, 867.24pt x 867.24pt>
File: images//Q2b_fig2.png Graphic file (type png)
<use images//Q2b_fig2.png>
Package pdftex.def Info: images//Q2b_fig2.png  used on input line 771.
(pdftex.def)             Requested size: 224.39664pt x 224.39198pt.
<images//Q2b_fig2_1.png, id=432, 867.24pt x 867.24pt>
File: images//Q2b_fig2_1.png Graphic file (type png)
<use images//Q2b_fig2_1.png>
Package pdftex.def Info: images//Q2b_fig2_1.png  used on input line 777.
(pdftex.def)             Requested size: 224.39664pt x 224.39198pt.
<images//Q2b_fig2_2.png, id=433, 867.24pt x 867.24pt>
File: images//Q2b_fig2_2.png Graphic file (type png)
<use images//Q2b_fig2_2.png>
Package pdftex.def Info: images//Q2b_fig2_2.png  used on input line 783.
(pdftex.def)             Requested size: 224.39664pt x 224.39198pt.
<images//Q2b_fig2_3.png, id=434, 867.24pt x 867.24pt>
File: images//Q2b_fig2_3.png Graphic file (type png)
<use images//Q2b_fig2_3.png>
Package pdftex.def Info: images//Q2b_fig2_3.png  used on input line 789.
(pdftex.def)             Requested size: 224.39664pt x 224.39198pt.
 [17 <./images//Q2b_fig1.png>] [18 <./images//Q2b_fig2.png> <./images//Q2b_fig2
_1.png> <./images//Q2b_fig2_2.png> <./images//Q2b_fig2_3.png>]
<images//Q2b_fig3.png, id=468, 867.24pt x 867.24pt>
File: images//Q2b_fig3.png Graphic file (type png)
<use images//Q2b_fig3.png>
Package pdftex.def Info: images//Q2b_fig3.png  used on input line 821.
(pdftex.def)             Requested size: 224.39664pt x 224.39198pt.
<images//Q2b_fig4.png, id=469, 867.24pt x 867.24pt>
File: images//Q2b_fig4.png Graphic file (type png)
<use images//Q2b_fig4.png>
Package pdftex.def Info: images//Q2b_fig4.png  used on input line 827.
(pdftex.def)             Requested size: 224.39664pt x 224.39198pt.
<images//Q2b_fig5.png, id=470, 867.24pt x 867.24pt>
File: images//Q2b_fig5.png Graphic file (type png)
<use images//Q2b_fig5.png>
Package pdftex.def Info: images//Q2b_fig5.png  used on input line 833.
(pdftex.def)             Requested size: 224.39664pt x 224.39198pt.
 [19] [20 <./images//Q2b_fig3.png> <./images//Q2b_fig4.png> <./images//Q2b_fig5
.png>]
<images//Q3a_fig1.png, id=485, 867.24pt x 867.24pt>
File: images//Q3a_fig1.png Graphic file (type png)
<use images//Q3a_fig1.png>
Package pdftex.def Info: images//Q3a_fig1.png  used on input line 855.
(pdftex.def)             Requested size: 346.88986pt x 346.88986pt.
<images//Q3b_fig1.png, id=487, 433.62pt x 289.08pt>
File: images//Q3b_fig1.png Graphic file (type png)
<use images//Q3b_fig1.png>
Package pdftex.def Info: images//Q3b_fig1.png  used on input line 865.
(pdftex.def)             Requested size: 303.53192pt x 202.35461pt.
 [21

 <./images//Q3a_fig1.png>] [22 <./images//Q3b_fig1.png>]
<images//Q3b_fig4.png, id=509, 433.62pt x 289.08pt>
File: images//Q3b_fig4.png Graphic file (type png)
<use images//Q3b_fig4.png>
Package pdftex.def Info: images//Q3b_fig4.png  used on input line 931.
(pdftex.def)             Requested size: 224.39664pt x 149.59904pt.
<images//Q3b_fig3.png, id=510, 433.62pt x 289.08pt>
File: images//Q3b_fig3.png Graphic file (type png)
<use images//Q3b_fig3.png>
Package pdftex.def Info: images//Q3b_fig3.png  used on input line 937.
(pdftex.def)             Requested size: 224.39664pt x 149.59904pt.
 [23 <./images//Q3b_fig4.png> <./images//Q3b_fig3.png>]
<images//Q3b_fig5.png, id=524, 867.24pt x 867.24pt>
File: images//Q3b_fig5.png Graphic file (type png)
<use images//Q3b_fig5.png>
Package pdftex.def Info: images//Q3b_fig5.png  used on input line 1006.
(pdftex.def)             Requested size: 244.3474pt x 244.34734pt.
<images//Q3b_fig6.png, id=525, 867.24pt x 867.24pt>
File: images//Q3b_fig6.png Graphic file (type png)
<use images//Q3b_fig6.png>
Package pdftex.def Info: images//Q3b_fig6.png  used on input line 1012.
(pdftex.def)             Requested size: 244.3474pt x 244.34734pt.
<images//Q3b_fig8.png, id=526, 1011.78pt x 433.62pt>
File: images//Q3b_fig8.png Graphic file (type png)
<use images//Q3b_fig8.png>
Package pdftex.def Info: images//Q3b_fig8.png  used on input line 1018.
(pdftex.def)             Requested size: 398.93158pt x 170.97035pt.
 [24] [25 <./images//Q3b_fig5.png> <./images//Q3b_fig6.png> <./images//Q3b_fig8
.png>]
<images//Q3c_fig1.png, id=553, 433.62pt x 289.08pt>
File: images//Q3c_fig1.png Graphic file (type png)
<use images//Q3c_fig1.png>
Package pdftex.def Info: images//Q3c_fig1.png  used on input line 1036.
(pdftex.def)             Requested size: 346.89647pt x 231.2643pt.
<images//Q3c_fig2.png, id=556, 867.24pt x 867.24pt>
File: images//Q3c_fig2.png Graphic file (type png)
<use images//Q3c_fig2.png>
Package pdftex.def Info: images//Q3c_fig2.png  used on input line 1058.
(pdftex.def)             Requested size: 244.3474pt x 244.34734pt.
<images//Q3c_fig3.png, id=557, 867.24pt x 867.24pt>
File: images//Q3c_fig3.png Graphic file (type png)
<use images//Q3c_fig3.png>
Package pdftex.def Info: images//Q3c_fig3.png  used on input line 1064.
(pdftex.def)             Requested size: 244.3474pt x 244.34734pt.
<images//Q3c_fig5.png, id=558, 867.24pt x 867.24pt>
File: images//Q3c_fig5.png Graphic file (type png)
<use images//Q3c_fig5.png>
Package pdftex.def Info: images//Q3c_fig5.png  used on input line 1070.
(pdftex.def)             Requested size: 299.20059pt x 299.19812pt.
<images//Q3c_fig6.png, id=564, 867.24pt x 578.16pt>
File: images//Q3c_fig6.png Graphic file (type png)
<use images//Q3c_fig6.png>
Package pdftex.def Info: images//Q3c_fig6.png  used on input line 1081.
(pdftex.def)             Requested size: 433.61894pt x 289.07928pt.
 [26 <./images//Q3c_fig1.png>] [27] [28 <./images//Q3c_fig2.png> <./images//Q3c
_fig3.png> <./images//Q3c_fig5.png>] [29 <./images//Q3c_fig6.png>]

LaTeX Warning: Citation 'Burden2016' on page 30 undefined on input line 1162.


LaTeX Warning: Citation 'Burden2016' on page 30 undefined on input line 1166.

<images//Q4a_fig1.png, id=593, 722.7pt x 433.62pt>
File: images//Q4a_fig1.png Graphic file (type png)
<use images//Q4a_fig1.png>
Package pdftex.def Info: images//Q4a_fig1.png  used on input line 1175.
(pdftex.def)             Requested size: 361.3491pt x 216.80946pt.
[30

]
<images//Q4a_fig2.png, id=609, 722.7pt x 433.62pt>
File: images//Q4a_fig2.png Graphic file (type png)
<use images//Q4a_fig2.png>
Package pdftex.def Info: images//Q4a_fig2.png  used on input line 1230.
(pdftex.def)             Requested size: 244.3474pt x 146.6084pt.
<images//Q4a_fig2_1.png, id=610, 722.7pt x 433.62pt>
File: images//Q4a_fig2_1.png Graphic file (type png)
<use images//Q4a_fig2_1.png>
Package pdftex.def Info: images//Q4a_fig2_1.png  used on input line 1236.
(pdftex.def)             Requested size: 244.3474pt x 146.6084pt.
 [31 <./images//Q4a_fig1.png>] [32 <./images//Q4a_fig2.png> <./images//Q4a_fig2
_1.png>]
<images//Q4b_fig1.png, id=635, 722.7pt x 433.62pt>
File: images//Q4b_fig1.png Graphic file (type png)
<use images//Q4b_fig1.png>
Package pdftex.def Info: images//Q4b_fig1.png  used on input line 1293.
(pdftex.def)             Requested size: 361.3491pt x 216.80946pt.
 [33 <./images//Q4b_fig1.png>]
<images//Q4b_fig2.png, id=647, 722.7pt x 433.62pt>
File: images//Q4b_fig2.png Graphic file (type png)
<use images//Q4b_fig2.png>
Package pdftex.def Info: images//Q4b_fig2.png  used on input line 1358.
(pdftex.def)             Requested size: 244.3474pt x 146.6084pt.
<images//Q4b_fig2_1.png, id=648, 722.7pt x 433.62pt>
File: images//Q4b_fig2_1.png Graphic file (type png)
<use images//Q4b_fig2_1.png>
Package pdftex.def Info: images//Q4b_fig2_1.png  used on input line 1364.
(pdftex.def)             Requested size: 244.3474pt x 146.6084pt.
 [34 <./images//Q4b_fig2.png> <./images//Q4b_fig2_1.png>]
<images//Q4c_fig2.png, id=670, 722.7pt x 433.62pt>
File: images//Q4c_fig2.png Graphic file (type png)
<use images//Q4c_fig2.png>
Package pdftex.def Info: images//Q4c_fig2.png  used on input line 1441.
(pdftex.def)             Requested size: 244.3474pt x 146.6084pt.
<images//Q4c_fig4.png, id=671, 722.7pt x 433.62pt>
File: images//Q4c_fig4.png Graphic file (type png)
<use images//Q4c_fig4.png>
Package pdftex.def Info: images//Q4c_fig4.png  used on input line 1447.
(pdftex.def)             Requested size: 244.3474pt x 146.6084pt.
<images//Q4c_fig6.png, id=672, 722.7pt x 433.62pt>
File: images//Q4c_fig6.png Graphic file (type png)
<use images//Q4c_fig6.png>
Package pdftex.def Info: images//Q4c_fig6.png  used on input line 1453.
(pdftex.def)             Requested size: 244.3474pt x 146.6084pt.
<images//Q4c_fig7.png, id=673, 1011.78pt x 433.62pt>
File: images//Q4c_fig7.png Graphic file (type png)
<use images//Q4c_fig7.png>
Package pdftex.def Info: images//Q4c_fig7.png  used on input line 1459.
(pdftex.def)             Requested size: 244.3474pt x 104.71933pt.
 [35] [36 <./images//Q4c_fig2.png> <./images//Q4c_fig4.png> <./images//Q4c_fig6
.png> <./images//Q4c_fig7.png>]

LaTeX Warning: Empty bibliography on input line 1472.

(G:\My Drive\Github\MIL_780_assignments\Assignment 1\Write up\build\main.aux)

LaTeX Warning: There were undefined references.


LaTeX Warning: There were multiply-defined labels.

Package rerunfilecheck Info: File `main.out' has not changed.
(rerunfilecheck)             Checksum: A72E522A95FE96A07EED0BBB48E464B5;7187.

Package biblatex Warning: Please (re)run Biber on the file:
(biblatex)                main
(biblatex)                and rerun LaTeX afterwards.

Package logreq Info: Writing requests to 'main.run.xml'.
\openout1 = `main.run.xml'.

 ) 
Here is how much of TeX's memory you used:
 19013 strings out of 478847
 329248 string characters out of 2840803
 1063885 words of memory out of 3000000
 36454 multiletter control sequences out of 15000+600000
 419519 words of font info for 86 fonts, out of 8000000 for 9000
 1141 hyphenation exceptions out of 8191
 60i,19n,66p,1204b,1130s stack positions out of 5000i,500n,10000p,200000b,80000s
 <C:\Users\ryanb.LAPTOP-4EHB9TVB\AppData\Local\MiKTeX\fonts/pk/ljfour/jknappe
n/ec/dpi600\tcrm1000.pk><C:/Users/ryanb.LAPTOP-4EHB9TVB/AppData/Local/Programs/
MiKTeX/fonts/type1/public/amsfonts/cm/cmbx10.pfb><C:/Users/ryanb.LAPTOP-4EHB9TV
B/AppData/Local/Programs/MiKTeX/fonts/type1/public/amsfonts/cm/cmbx12.pfb><C:/U
sers/ryanb.LAPTOP-4EHB9TVB/AppData/Local/Programs/MiKTeX/fonts/type1/public/ams
fonts/cm/cmbx7.pfb><C:/Users/ryanb.LAPTOP-4EHB9TVB/AppData/Local/Programs/MiKTe
X/fonts/type1/public/amsfonts/cm/cmex10.pfb><C:/Users/ryanb.LAPTOP-4EHB9TVB/App
Data/Local/Programs/MiKTeX/fonts/type1/public/amsfonts/cm/cmmi10.pfb><C:/Users/
ryanb.LAPTOP-4EHB9TVB/AppData/Local/Programs/MiKTeX/fonts/type1/public/amsfonts
/cm/cmmi12.pfb><C:/Users/ryanb.LAPTOP-4EHB9TVB/AppData/Local/Programs/MiKTeX/fo
nts/type1/public/amsfonts/cm/cmmi5.pfb><C:/Users/ryanb.LAPTOP-4EHB9TVB/AppData/
Local/Programs/MiKTeX/fonts/type1/public/amsfonts/cm/cmmi6.pfb><C:/Users/ryanb.
LAPTOP-4EHB9TVB/AppData/Local/Programs/MiKTeX/fonts/type1/public/amsfonts/cm/cm
mi7.pfb><C:/Users/ryanb.LAPTOP-4EHB9TVB/AppData/Local/Programs/MiKTeX/fonts/typ
e1/public/amsfonts/cm/cmmi9.pfb><C:/Users/ryanb.LAPTOP-4EHB9TVB/AppData/Local/P
rograms/MiKTeX/fonts/type1/public/amsfonts/cm/cmmib10.pfb><C:/Users/ryanb.LAPTO
P-4EHB9TVB/AppData/Local/Programs/MiKTeX/fonts/type1/public/amsfonts/cmextra/cm
mib7.pfb><C:/Users/ryanb.LAPTOP-4EHB9TVB/AppData/Local/Programs/MiKTeX/fonts/ty
pe1/public/amsfonts/cm/cmr10.pfb><C:/Users/ryanb.LAPTOP-4EHB9TVB/AppData/Local/
Programs/MiKTeX/fonts/type1/public/amsfonts/cm/cmr12.pfb><C:/Users/ryanb.LAPTOP
-4EHB9TVB/AppData/Local/Programs/MiKTeX/fonts/type1/public/amsfonts/cm/cmr17.pf
b><C:/Users/ryanb.LAPTOP-4EHB9TVB/AppData/Local/Programs/MiKTeX/fonts/type1/pub
lic/amsfonts/cm/cmr6.pfb><C:/Users/ryanb.LAPTOP-4EHB9TVB/AppData/Local/Programs
/MiKTeX/fonts/type1/public/amsfonts/cm/cmr7.pfb><C:/Users/ryanb.LAPTOP-4EHB9TVB
/AppData/Local/Programs/MiKTeX/fonts/type1/public/amsfonts/cm/cmr9.pfb><C:/User
s/ryanb.LAPTOP-4EHB9TVB/AppData/Local/Programs/MiKTeX/fonts/type1/public/amsfon
ts/cm/cmsy10.pfb><C:/Users/ryanb.LAPTOP-4EHB9TVB/AppData/Local/Programs/MiKTeX/
fonts/type1/public/amsfonts/cm/cmsy7.pfb><C:/Users/ryanb.LAPTOP-4EHB9TVB/AppDat
a/Local/Programs/MiKTeX/fonts/type1/public/amsfonts/cm/cmti10.pfb><C:/Users/rya
nb.LAPTOP-4EHB9TVB/AppData/Local/Programs/MiKTeX/fonts/type1/public/amsfonts/cm
/cmtt10.pfb><C:/Users/ryanb.LAPTOP-4EHB9TVB/AppData/Local/Programs/MiKTeX/fonts
/type1/public/amsfonts/symbols/msbm10.pfb>
Output written on "G:\My Drive\Github\MIL_780_assignments\Assignment 1\Write up
\build\main.pdf" (36 pages, 2390108 bytes).
PDF statistics:
 838 PDF objects out of 1000 (max. 8388607)
 220 named destinations out of 1000 (max. 500000)
 570 words of extra memory for PDF output out of 10000 (max. 10000000)

