This is pdfTeX, Version 3.141592653-2.6-1.40.24 (MiKTeX 22.3) (preloaded format=pdflatex 2022.4.6)  12 MAY 2022 12:28
entering extended mode
 restricted \write18 enabled.
 %&-line parsing enabled.
**./main.tex
(main.tex
LaTeX2e <2021-11-15> patch level 1
L3 programming layer <2022-02-24>
(C:\Users\ryanb.LAPTOP-4EHB9TVB\AppData\Local\Programs\MiKTeX\tex/latex/base\ar
ticle.cls
Document Class: article 2021/10/04 v1.4n Standard LaTeX document class

(C:\Users\ryanb.LAPTOP-4EHB9TVB\AppData\Local\Programs\MiKTeX\tex/latex/base\si
ze10.clo
File: size10.clo 2021/10/04 v1.4n Standard LaTeX file (size option)
)
\c@part=\count185
\c@section=\count186
\c@subsection=\count187
\c@subsubsection=\count188
\c@paragraph=\count189
\c@subparagraph=\count190
\c@figure=\count191
\c@table=\count192
\abovecaptionskip=\skip47
\belowcaptionskip=\skip48
\bibindent=\dimen138
)
(C:\Users\ryanb.LAPTOP-4EHB9TVB\AppData\Local\Programs\MiKTeX\tex/latex/base\in
putenc.sty
Package: inputenc 2021/02/14 v1.3d Input encoding file
\inpenc@prehook=\toks16
\inpenc@posthook=\toks17
)
(C:\Users\ryanb.LAPTOP-4EHB9TVB\AppData\Local\Programs\MiKTeX\tex/latex/geometr
y\geometry.sty
Package: geometry 2020/01/02 v5.9 Page Geometry

(C:\Users\ryanb.LAPTOP-4EHB9TVB\AppData\Local\Programs\MiKTeX\tex/latex/graphic
s\keyval.sty
Package: keyval 2014/10/28 v1.15 key=value parser (DPC)
\KV@toks@=\toks18
)
(C:\Users\ryanb.LAPTOP-4EHB9TVB\AppData\Local\Programs\MiKTeX\tex/generic/iftex
\ifvtex.sty
Package: ifvtex 2019/10/25 v1.7 ifvtex legacy package. Use iftex instead.

(C:\Users\ryanb.LAPTOP-4EHB9TVB\AppData\Local\Programs\MiKTeX\tex/generic/iftex
\iftex.sty
Package: iftex 2022/02/03 v1.0f TeX engine tests
))
\Gm@cnth=\count193
\Gm@cntv=\count194
\c@Gm@tempcnt=\count195
\Gm@bindingoffset=\dimen139
\Gm@wd@mp=\dimen140
\Gm@odd@mp=\dimen141
\Gm@even@mp=\dimen142
\Gm@layoutwidth=\dimen143
\Gm@layoutheight=\dimen144
\Gm@layouthoffset=\dimen145
\Gm@layoutvoffset=\dimen146
\Gm@dimlist=\toks19

(C:\Users\ryanb.LAPTOP-4EHB9TVB\AppData\Local\Programs\MiKTeX\tex/latex/geometr
y\geometry.cfg))
(C:\Users\ryanb.LAPTOP-4EHB9TVB\AppData\Local\Programs\MiKTeX\tex/latex/amsmath
\amsmath.sty
Package: amsmath 2021/10/15 v2.17l AMS math features
\@mathmargin=\skip49

For additional information on amsmath, use the `?' option.

(C:\Users\ryanb.LAPTOP-4EHB9TVB\AppData\Local\Programs\MiKTeX\tex/latex/amsmath
\amstext.sty
Package: amstext 2021/08/26 v2.01 AMS text

(C:\Users\ryanb.LAPTOP-4EHB9TVB\AppData\Local\Programs\MiKTeX\tex/latex/amsmath
\amsgen.sty
File: amsgen.sty 1999/11/30 v2.0 generic functions
\@emptytoks=\toks20
\ex@=\dimen147
))
(C:\Users\ryanb.LAPTOP-4EHB9TVB\AppData\Local\Programs\MiKTeX\tex/latex/amsmath
\amsbsy.sty
Package: amsbsy 1999/11/29 v1.2d Bold Symbols
\pmbraise@=\dimen148
)
(C:\Users\ryanb.LAPTOP-4EHB9TVB\AppData\Local\Programs\MiKTeX\tex/latex/amsmath
\amsopn.sty
Package: amsopn 2021/08/26 v2.02 operator names
)
\inf@bad=\count196
LaTeX Info: Redefining \frac on input line 234.
\uproot@=\count197
\leftroot@=\count198
LaTeX Info: Redefining \overline on input line 399.
\classnum@=\count199
\DOTSCASE@=\count266
LaTeX Info: Redefining \ldots on input line 496.
LaTeX Info: Redefining \dots on input line 499.
LaTeX Info: Redefining \cdots on input line 620.
\Mathstrutbox@=\box50
\strutbox@=\box51
\big@size=\dimen149
LaTeX Font Info:    Redeclaring font encoding OML on input line 743.
LaTeX Font Info:    Redeclaring font encoding OMS on input line 744.
\macc@depth=\count267
\c@MaxMatrixCols=\count268
\dotsspace@=\muskip16
\c@parentequation=\count269
\dspbrk@lvl=\count270
\tag@help=\toks21
\row@=\count271
\column@=\count272
\maxfields@=\count273
\andhelp@=\toks22
\eqnshift@=\dimen150
\alignsep@=\dimen151
\tagshift@=\dimen152
\tagwidth@=\dimen153
\totwidth@=\dimen154
\lineht@=\dimen155
\@envbody=\toks23
\multlinegap=\skip50
\multlinetaggap=\skip51
\mathdisplay@stack=\toks24
LaTeX Info: Redefining \[ on input line 2938.
LaTeX Info: Redefining \] on input line 2939.
)
(C:\Users\ryanb.LAPTOP-4EHB9TVB\AppData\Local\Programs\MiKTeX\tex/latex/amsfont
s\amsfonts.sty
Package: amsfonts 2013/01/14 v3.01 Basic AMSFonts support
\symAMSa=\mathgroup4
\symAMSb=\mathgroup5
LaTeX Font Info:    Redeclaring math symbol \hbar on input line 98.
LaTeX Font Info:    Overwriting math alphabet `\mathfrak' in version `bold'
(Font)                  U/euf/m/n --> U/euf/b/n on input line 106.
)
(C:\Users\ryanb.LAPTOP-4EHB9TVB\AppData\Local\Programs\MiKTeX\tex/latex/amsfont
s\amssymb.sty
Package: amssymb 2013/01/14 v3.01 AMS font symbols
)
(C:\Users\ryanb.LAPTOP-4EHB9TVB\AppData\Local\Programs\MiKTeX\tex/latex/tools\b
m.sty
Package: bm 2021/04/25 v1.2e Bold Symbol Support (DPC/FMi)
\symboldoperators=\mathgroup6
\symboldletters=\mathgroup7
\symboldsymbols=\mathgroup8
Package bm Info: No bold for \OMX/cmex/m/n, using \pmb.
Package bm Info: No bold for \U/msa/m/n, using \pmb.
Package bm Info: No bold for \U/msb/m/n, using \pmb.
LaTeX Font Info:    Redeclaring math alphabet \mathbf on input line 149.
)
(C:\Users\ryanb.LAPTOP-4EHB9TVB\AppData\Local\Programs\MiKTeX\tex/latex/hyperre
f\hyperref.sty
Package: hyperref 2022-02-21 v7.00n Hypertext links for LaTeX

(C:\Users\ryanb.LAPTOP-4EHB9TVB\AppData\Local\Programs\MiKTeX\tex/generic/ltxcm
ds\ltxcmds.sty
Package: ltxcmds 2020-05-10 v1.25 LaTeX kernel commands for general use (HO)
)
(C:\Users\ryanb.LAPTOP-4EHB9TVB\AppData\Local\Programs\MiKTeX\tex/generic/pdfte
xcmds\pdftexcmds.sty
Package: pdftexcmds 2020-06-27 v0.33 Utility functions of pdfTeX for LuaTeX (HO
)

(C:\Users\ryanb.LAPTOP-4EHB9TVB\AppData\Local\Programs\MiKTeX\tex/generic/infwa
rerr\infwarerr.sty
Package: infwarerr 2019/12/03 v1.5 Providing info/warning/error messages (HO)
)
Package pdftexcmds Info: \pdf@primitive is available.
Package pdftexcmds Info: \pdf@ifprimitive is available.
Package pdftexcmds Info: \pdfdraftmode found.
)
(C:\Users\ryanb.LAPTOP-4EHB9TVB\AppData\Local\Programs\MiKTeX\tex/generic/kvset
keys\kvsetkeys.sty
Package: kvsetkeys 2019/12/15 v1.18 Key value parser (HO)
)
(C:\Users\ryanb.LAPTOP-4EHB9TVB\AppData\Local\Programs\MiKTeX\tex/generic/kvdef
inekeys\kvdefinekeys.sty
Package: kvdefinekeys 2019-12-19 v1.6 Define keys (HO)
)
(C:\Users\ryanb.LAPTOP-4EHB9TVB\AppData\Local\Programs\MiKTeX\tex/generic/pdfes
cape\pdfescape.sty
Package: pdfescape 2019/12/09 v1.15 Implements pdfTeX's escape features (HO)
)
(C:\Users\ryanb.LAPTOP-4EHB9TVB\AppData\Local\Programs\MiKTeX\tex/latex/hycolor
\hycolor.sty
Package: hycolor 2020-01-27 v1.10 Color options for hyperref/bookmark (HO)
)
(C:\Users\ryanb.LAPTOP-4EHB9TVB\AppData\Local\Programs\MiKTeX\tex/latex/letltxm
acro\letltxmacro.sty
Package: letltxmacro 2019/12/03 v1.6 Let assignment for LaTeX macros (HO)
)
(C:\Users\ryanb.LAPTOP-4EHB9TVB\AppData\Local\Programs\MiKTeX\tex/latex/auxhook
\auxhook.sty
Package: auxhook 2019-12-17 v1.6 Hooks for auxiliary files (HO)
)
(C:\Users\ryanb.LAPTOP-4EHB9TVB\AppData\Local\Programs\MiKTeX\tex/latex/kvoptio
ns\kvoptions.sty
Package: kvoptions 2020-10-07 v3.14 Key value format for package options (HO)
)
\@linkdim=\dimen156
\Hy@linkcounter=\count274
\Hy@pagecounter=\count275

(C:\Users\ryanb.LAPTOP-4EHB9TVB\AppData\Local\Programs\MiKTeX\tex/latex/hyperre
f\pd1enc.def
File: pd1enc.def 2022-02-21 v7.00n Hyperref: PDFDocEncoding definition (HO)
Now handling font encoding PD1 ...
... no UTF-8 mapping file for font encoding PD1
)
(C:\Users\ryanb.LAPTOP-4EHB9TVB\AppData\Local\Programs\MiKTeX\tex/generic/intca
lc\intcalc.sty
Package: intcalc 2019/12/15 v1.3 Expandable calculations with integers (HO)
)
(C:\Users\ryanb.LAPTOP-4EHB9TVB\AppData\Local\Programs\MiKTeX\tex/generic/etexc
mds\etexcmds.sty
Package: etexcmds 2019/12/15 v1.7 Avoid name clashes with e-TeX commands (HO)
)
\Hy@SavedSpaceFactor=\count276

(C:\Users\ryanb.LAPTOP-4EHB9TVB\AppData\Local\Programs\MiKTeX\tex/latex/hyperre
f\puenc.def
File: puenc.def 2022-02-21 v7.00n Hyperref: PDF Unicode definition (HO)
Now handling font encoding PU ...
... no UTF-8 mapping file for font encoding PU
)
Package hyperref Info: Hyper figures OFF on input line 4137.
Package hyperref Info: Link nesting OFF on input line 4142.
Package hyperref Info: Hyper index ON on input line 4145.
Package hyperref Info: Plain pages OFF on input line 4152.
Package hyperref Info: Backreferencing OFF on input line 4157.
Package hyperref Info: Implicit mode ON; LaTeX internals redefined.
Package hyperref Info: Bookmarks ON on input line 4390.
\c@Hy@tempcnt=\count277

(C:\Users\ryanb.LAPTOP-4EHB9TVB\AppData\Local\Programs\MiKTeX\tex/latex/url\url
.sty
\Urlmuskip=\muskip17
Package: url 2013/09/16  ver 3.4  Verb mode for urls, etc.
)
LaTeX Info: Redefining \url on input line 4749.
\XeTeXLinkMargin=\dimen157

(C:\Users\ryanb.LAPTOP-4EHB9TVB\AppData\Local\Programs\MiKTeX\tex/generic/bitse
t\bitset.sty
Package: bitset 2019/12/09 v1.3 Handle bit-vector datatype (HO)

(C:\Users\ryanb.LAPTOP-4EHB9TVB\AppData\Local\Programs\MiKTeX\tex/generic/bigin
tcalc\bigintcalc.sty
Package: bigintcalc 2019/12/15 v1.5 Expandable calculations on big integers (HO
)
))
\Fld@menulength=\count278
\Field@Width=\dimen158
\Fld@charsize=\dimen159
Package hyperref Info: Hyper figures OFF on input line 6027.
Package hyperref Info: Link nesting OFF on input line 6032.
Package hyperref Info: Hyper index ON on input line 6035.
Package hyperref Info: backreferencing OFF on input line 6042.
Package hyperref Info: Link coloring OFF on input line 6047.
Package hyperref Info: Link coloring with OCG OFF on input line 6052.
Package hyperref Info: PDF/A mode OFF on input line 6057.
LaTeX Info: Redefining \ref on input line 6097.
LaTeX Info: Redefining \pageref on input line 6101.

(C:\Users\ryanb.LAPTOP-4EHB9TVB\AppData\Local\Programs\MiKTeX\tex/latex/base\at
begshi-ltx.sty
Package: atbegshi-ltx 2021/01/10 v1.0c Emulation of the original atbegshi
package with kernel methods
)
\Hy@abspage=\count279
\c@Item=\count280
\c@Hfootnote=\count281
)
Package hyperref Info: Driver (autodetected): hpdftex.

(C:\Users\ryanb.LAPTOP-4EHB9TVB\AppData\Local\Programs\MiKTeX\tex/latex/hyperre
f\hpdftex.def
File: hpdftex.def 2022-02-21 v7.00n Hyperref driver for pdfTeX

(C:\Users\ryanb.LAPTOP-4EHB9TVB\AppData\Local\Programs\MiKTeX\tex/latex/base\at
veryend-ltx.sty
Package: atveryend-ltx 2020/08/19 v1.0a Emulation of the original atveryend pac
kage
with kernel methods
)
\Fld@listcount=\count282
\c@bookmark@seq@number=\count283

(C:\Users\ryanb.LAPTOP-4EHB9TVB\AppData\Local\Programs\MiKTeX\tex/latex/rerunfi
lecheck\rerunfilecheck.sty
Package: rerunfilecheck 2019/12/05 v1.9 Rerun checks for auxiliary files (HO)

(C:\Users\ryanb.LAPTOP-4EHB9TVB\AppData\Local\Programs\MiKTeX\tex/generic/uniqu
ecounter\uniquecounter.sty
Package: uniquecounter 2019/12/15 v1.4 Provide unlimited unique counter (HO)
)
Package uniquecounter Info: New unique counter `rerunfilecheck' on input line 2
86.
)
\Hy@SectionHShift=\skip52
)
(C:\Users\ryanb.LAPTOP-4EHB9TVB\AppData\Local\Programs\MiKTeX\tex/latex/booktab
s\booktabs.sty
Package: booktabs 2020/01/12 v1.61803398 Publication quality tables
\heavyrulewidth=\dimen160
\lightrulewidth=\dimen161
\cmidrulewidth=\dimen162
\belowrulesep=\dimen163
\belowbottomsep=\dimen164
\aboverulesep=\dimen165
\abovetopsep=\dimen166
\cmidrulesep=\dimen167
\cmidrulekern=\dimen168
\defaultaddspace=\dimen169
\@cmidla=\count284
\@cmidlb=\count285
\@aboverulesep=\dimen170
\@belowrulesep=\dimen171
\@thisruleclass=\count286
\@lastruleclass=\count287
\@thisrulewidth=\dimen172
)
(C:\Users\ryanb.LAPTOP-4EHB9TVB\AppData\Local\Programs\MiKTeX\tex/latex/multiro
w\multirow.sty
Package: multirow 2021/03/15 v2.8 Span multiple rows of a table
\multirow@colwidth=\skip53
\multirow@cntb=\count288
\multirow@dima=\skip54
\bigstrutjot=\dimen173
)
(C:\Users\ryanb.LAPTOP-4EHB9TVB\AppData\Local\Programs\MiKTeX\tex/latex/graphic
s\graphicx.sty
Package: graphicx 2021/09/16 v1.2d Enhanced LaTeX Graphics (DPC,SPQR)

(C:\Users\ryanb.LAPTOP-4EHB9TVB\AppData\Local\Programs\MiKTeX\tex/latex/graphic
s\graphics.sty
Package: graphics 2021/03/04 v1.4d Standard LaTeX Graphics (DPC,SPQR)

(C:\Users\ryanb.LAPTOP-4EHB9TVB\AppData\Local\Programs\MiKTeX\tex/latex/graphic
s\trig.sty
Package: trig 2021/08/11 v1.11 sin cos tan (DPC)
)
(C:\Users\ryanb.LAPTOP-4EHB9TVB\AppData\Local\Programs\MiKTeX\tex/latex/graphic
s-cfg\graphics.cfg
File: graphics.cfg 2016/06/04 v1.11 sample graphics configuration
)
Package graphics Info: Driver file: pdftex.def on input line 107.

(C:\Users\ryanb.LAPTOP-4EHB9TVB\AppData\Local\Programs\MiKTeX\tex/latex/graphic
s-def\pdftex.def
File: pdftex.def 2020/10/05 v1.2a Graphics/color driver for pdftex
))
\Gin@req@height=\dimen174
\Gin@req@width=\dimen175
)
(C:\Users\ryanb.LAPTOP-4EHB9TVB\AppData\Local\Programs\MiKTeX\tex/latex/caption
\caption.sty
Package: caption 2022/03/01 v3.6b Customizing captions (AR)

(C:\Users\ryanb.LAPTOP-4EHB9TVB\AppData\Local\Programs\MiKTeX\tex/latex/caption
\caption3.sty
Package: caption3 2022/03/17 v2.3b caption3 kernel (AR)
\caption@tempdima=\dimen176
\captionmargin=\dimen177
\caption@leftmargin=\dimen178
\caption@rightmargin=\dimen179
\caption@width=\dimen180
\caption@indent=\dimen181
\caption@parindent=\dimen182
\caption@hangindent=\dimen183
Package caption Info: Standard document class detected.
)
\c@caption@flags=\count289
\c@continuedfloat=\count290
Package caption Info: hyperref package is loaded.
)
(C:\Users\ryanb.LAPTOP-4EHB9TVB\AppData\Local\Programs\MiKTeX\tex/latex/caption
\subcaption.sty
Package: subcaption 2022/01/07 v1.5 Sub-captions (AR)
\c@subfigure=\count291
\c@subtable=\count292
)
(C:\Users\ryanb.LAPTOP-4EHB9TVB\AppData\Local\Programs\MiKTeX\tex/latex/xcolor\
xcolor.sty
Package: xcolor 2021/10/31 v2.13 LaTeX color extensions (UK)

(C:\Users\ryanb.LAPTOP-4EHB9TVB\AppData\Local\Programs\MiKTeX\tex/latex/graphic
s-cfg\color.cfg
File: color.cfg 2016/01/02 v1.6 sample color configuration
)
Package xcolor Info: Driver file: pdftex.def on input line 227.
Package xcolor Info: Model `cmy' substituted by `cmy0' on input line 1352.
Package xcolor Info: Model `hsb' substituted by `rgb' on input line 1356.
Package xcolor Info: Model `RGB' extended on input line 1368.
Package xcolor Info: Model `HTML' substituted by `rgb' on input line 1370.
Package xcolor Info: Model `Hsb' substituted by `hsb' on input line 1371.
Package xcolor Info: Model `tHsb' substituted by `hsb' on input line 1372.
Package xcolor Info: Model `HSB' substituted by `hsb' on input line 1373.
Package xcolor Info: Model `Gray' substituted by `gray' on input line 1374.
Package xcolor Info: Model `wave' substituted by `hsb' on input line 1375.
)
(C:\Users\ryanb.LAPTOP-4EHB9TVB\AppData\Local\Programs\MiKTeX\tex/latex/biblate
x\biblatex.sty
Package: biblatex 2022/02/02 v3.17 programmable bibliographies (PK/MW)

(C:\Users\ryanb.LAPTOP-4EHB9TVB\AppData\Local\Programs\MiKTeX\tex/latex/etoolbo
x\etoolbox.sty
Package: etoolbox 2020/10/05 v2.5k e-TeX tools for LaTeX (JAW)
\etb@tempcnta=\count293
)
(C:\Users\ryanb.LAPTOP-4EHB9TVB\AppData\Local\Programs\MiKTeX\tex/latex/logreq\
logreq.sty
Package: logreq 2010/08/04 v1.0 xml request logger
\lrq@indent=\count294

(C:\Users\ryanb.LAPTOP-4EHB9TVB\AppData\Local\Programs\MiKTeX\tex/latex/logreq\
logreq.def
File: logreq.def 2010/08/04 v1.0 logreq spec v1.0
))
(C:\Users\ryanb.LAPTOP-4EHB9TVB\AppData\Local\Programs\MiKTeX\tex/latex/base\if
then.sty
Package: ifthen 2020/11/24 v1.1c Standard LaTeX ifthen package (DPC)
)
\c@tabx@nest=\count295
\c@listtotal=\count296
\c@listcount=\count297
\c@liststart=\count298
\c@liststop=\count299
\c@citecount=\count300
\c@citetotal=\count301
\c@multicitecount=\count302
\c@multicitetotal=\count303
\c@instcount=\count304
\c@maxnames=\count305
\c@minnames=\count306
\c@maxitems=\count307
\c@minitems=\count308
\c@citecounter=\count309
\c@maxcitecounter=\count310
\c@savedcitecounter=\count311
\c@uniquelist=\count312
\c@uniquename=\count313
\c@refsection=\count314
\c@refsegment=\count315
\c@maxextratitle=\count316
\c@maxextratitleyear=\count317
\c@maxextraname=\count318
\c@maxextradate=\count319
\c@maxextraalpha=\count320
\c@abbrvpenalty=\count321
\c@highnamepenalty=\count322
\c@lownamepenalty=\count323
\c@maxparens=\count324
\c@parenlevel=\count325
\blx@tempcnta=\count326
\blx@tempcntb=\count327
\blx@tempcntc=\count328
\c@blx@maxsection=\count329
\c@blx@maxsegment@0=\count330
\blx@notetype=\count331
\blx@parenlevel@text=\count332
\blx@parenlevel@foot=\count333
\c@blx@sectionciteorder@0=\count334
\blx@entrysetcounter=\count335
\blx@biblioinstance=\count336
\labelnumberwidth=\skip55
\labelalphawidth=\skip56
\biblabelsep=\skip57
\bibitemsep=\skip58
\bibnamesep=\skip59
\bibinitsep=\skip60
\bibparsep=\skip61
\bibhang=\skip62
\blx@bcfin=\read2
\blx@bcfout=\write3
\blx@langwohyphens=\language79
\c@mincomprange=\count337
\c@maxcomprange=\count338
\c@mincompwidth=\count339
Package biblatex Info: Trying to load biblatex default data model...
Package biblatex Info: ... file 'blx-dm.def' found.

(C:\Users\ryanb.LAPTOP-4EHB9TVB\AppData\Local\Programs\MiKTeX\tex/latex/biblate
x\blx-dm.def
File: blx-dm.def 2022/02/02 v3.17 biblatex localization (PK/MW)
)
Package biblatex Info: Trying to load biblatex style data model...
Package biblatex Info: ... file 'ieee.dbx' not found.
Package biblatex Info: Trying to load biblatex custom data model...
Package biblatex Info: ... file 'biblatex-dm.cfg' not found.
\c@afterword=\count340
\c@savedafterword=\count341
\c@annotator=\count342
\c@savedannotator=\count343
\c@author=\count344
\c@savedauthor=\count345
\c@bookauthor=\count346
\c@savedbookauthor=\count347
\c@commentator=\count348
\c@savedcommentator=\count349
\c@editor=\count350
\c@savededitor=\count351
\c@editora=\count352
\c@savededitora=\count353
\c@editorb=\count354
\c@savededitorb=\count355
\c@editorc=\count356
\c@savededitorc=\count357
\c@foreword=\count358
\c@savedforeword=\count359
\c@holder=\count360
\c@savedholder=\count361
\c@introduction=\count362
\c@savedintroduction=\count363
\c@namea=\count364
\c@savednamea=\count365
\c@nameb=\count366
\c@savednameb=\count367
\c@namec=\count368
\c@savednamec=\count369
\c@translator=\count370
\c@savedtranslator=\count371
\c@shortauthor=\count372
\c@savedshortauthor=\count373
\c@shorteditor=\count374
\c@savedshorteditor=\count375
\c@labelname=\count376
\c@savedlabelname=\count377
\c@institution=\count378
\c@savedinstitution=\count379
\c@lista=\count380
\c@savedlista=\count381
\c@listb=\count382
\c@savedlistb=\count383
\c@listc=\count384
\c@savedlistc=\count385
\c@listd=\count386
\c@savedlistd=\count387
\c@liste=\count388
\c@savedliste=\count389
\c@listf=\count390
\c@savedlistf=\count391
\c@location=\count392
\c@savedlocation=\count393
\c@organization=\count394
\c@savedorganization=\count395
\c@origlocation=\count396
\c@savedoriglocation=\count397
\c@origpublisher=\count398
\c@savedorigpublisher=\count399
\c@publisher=\count400
\c@savedpublisher=\count401
\c@language=\count402
\c@savedlanguage=\count403
\c@origlanguage=\count404
\c@savedoriglanguage=\count405
\c@pageref=\count406
\c@savedpageref=\count407
\shorthandwidth=\skip63
\shortjournalwidth=\skip64
\shortserieswidth=\skip65
\shorttitlewidth=\skip66
\shortauthorwidth=\skip67
\shorteditorwidth=\skip68
\locallabelnumberwidth=\skip69
\locallabelalphawidth=\skip70
\localshorthandwidth=\skip71
\localshortjournalwidth=\skip72
\localshortserieswidth=\skip73
\localshorttitlewidth=\skip74
\localshortauthorwidth=\skip75
\localshorteditorwidth=\skip76
Package biblatex Info: Trying to load compatibility code...
Package biblatex Info: ... file 'blx-compat.def' found.

(C:\Users\ryanb.LAPTOP-4EHB9TVB\AppData\Local\Programs\MiKTeX\tex/latex/biblate
x\blx-compat.def
File: blx-compat.def 2022/02/02 v3.17 biblatex compatibility (PK/MW)
)
Package biblatex Info: Trying to load generic definitions...
Package biblatex Info: ... file 'biblatex.def' found.

(C:\Users\ryanb.LAPTOP-4EHB9TVB\AppData\Local\Programs\MiKTeX\tex/latex/biblate
x\biblatex.def
File: biblatex.def 2022/02/02 v3.17 biblatex compatibility (PK/MW)
\c@textcitecount=\count408
\c@textcitetotal=\count409
\c@textcitemaxnames=\count410
\c@biburlbigbreakpenalty=\count411
\c@biburlbreakpenalty=\count412
\c@biburlnumpenalty=\count413
\c@biburlucpenalty=\count414
\c@biburllcpenalty=\count415
\biburlbigskip=\muskip18
\biburlnumskip=\muskip19
\biburlucskip=\muskip20
\biburllcskip=\muskip21
\c@smartand=\count416
)
Package biblatex Info: Trying to load bibliography style 'ieee'...
Package biblatex Info: ... file 'ieee.bbx' found.

(C:\Users\ryanb.LAPTOP-4EHB9TVB\AppData\Local\Programs\MiKTeX\tex/latex/biblate
x-ieee\ieee.bbx
File: ieee.bbx 2021/12/06 v1.3f biblatex bibliography style
Package biblatex Info: Trying to load bibliography style 'numeric-comp'...
Package biblatex Info: ... file 'numeric-comp.bbx' found.

(C:\Users\ryanb.LAPTOP-4EHB9TVB\AppData\Local\Programs\MiKTeX\tex/latex/biblate
x/bbx\numeric-comp.bbx
File: numeric-comp.bbx 2022/02/02 v3.17 biblatex bibliography style (PK/MW)
Package biblatex Info: Trying to load bibliography style 'numeric'...
Package biblatex Info: ... file 'numeric.bbx' found.

(C:\Users\ryanb.LAPTOP-4EHB9TVB\AppData\Local\Programs\MiKTeX\tex/latex/biblate
x/bbx\numeric.bbx
File: numeric.bbx 2022/02/02 v3.17 biblatex bibliography style (PK/MW)
Package biblatex Info: Trying to load bibliography style 'standard'...
Package biblatex Info: ... file 'standard.bbx' found.

(C:\Users\ryanb.LAPTOP-4EHB9TVB\AppData\Local\Programs\MiKTeX\tex/latex/biblate
x/bbx\standard.bbx
File: standard.bbx 2022/02/02 v3.17 biblatex bibliography style (PK/MW)
\c@bbx:relatedcount=\count417
\c@bbx:relatedtotal=\count418
))))
Package biblatex Info: Trying to load citation style 'ieee'...
Package biblatex Info: ... file 'ieee.cbx' found.

(C:\Users\ryanb.LAPTOP-4EHB9TVB\AppData\Local\Programs\MiKTeX\tex/latex/biblate
x-ieee\ieee.cbx
File: ieee.cbx 2021/12/06 v1.3f biblatex citation style
Package biblatex Info: Trying to load citation style 'numeric-comp'...
Package biblatex Info: ... file 'numeric-comp.cbx' found.

(C:\Users\ryanb.LAPTOP-4EHB9TVB\AppData\Local\Programs\MiKTeX\tex/latex/biblate
x/cbx\numeric-comp.cbx
File: numeric-comp.cbx 2022/02/02 v3.17 biblatex citation style (PK/MW)
\c@cbx@tempcnta=\count419
\c@cbx@tempcntb=\count420
\c@cbx@tempcntc=\count421
\c@cbx@tempcntd=\count422
Package biblatex Info: Redefining '\cite'.
Package biblatex Info: Redefining '\parencite'.
Package biblatex Info: Redefining '\footcite'.
Package biblatex Info: Redefining '\footcitetext'.
Package biblatex Info: Redefining '\smartcite'.
Package biblatex Info: Redefining '\supercite'.
Package biblatex Info: Redefining '\textcite'.
Package biblatex Info: Redefining '\textcites'.
Package biblatex Info: Redefining '\cites'.
Package biblatex Info: Redefining '\parencites'.
Package biblatex Info: Redefining '\smartcites'.
)
Package biblatex Info: Redefining '\cite'.
Package biblatex Info: Redefining '\supercite'.
Package biblatex Info: Redefining '\cites'.
)
Package biblatex Info: Trying to load configuration file...
Package biblatex Info: ... file 'biblatex.cfg' found.

(C:\Users\ryanb.LAPTOP-4EHB9TVB\AppData\Local\Programs\MiKTeX\tex/latex/biblate
x\biblatex.cfg
File: biblatex.cfg 
)
Package biblatex Info: Input encoding 'utf8' detected.
Package biblatex Info: Document encoding is UTF8 ....

(C:\Users\ryanb.LAPTOP-4EHB9TVB\AppData\Local\Programs\MiKTeX\tex/latex/l3kerne
l\expl3.sty
Package: expl3 2022-02-24 L3 programming layer (loader) 

(C:\Users\ryanb.LAPTOP-4EHB9TVB\AppData\Local\Programs\MiKTeX\tex/latex/l3backe
nd\l3backend-pdftex.def
File: l3backend-pdftex.def 2022-02-07 L3 backend support: PDF output (pdfTeX)
\l__color_backend_stack_int=\count423
\l__pdf_internal_box=\box52
))
Package biblatex Info: ... and expl3
(biblatex)             2022-02-24 L3 programming layer (loader) 
(biblatex)             is new enough (at least 2020/04/06),
(biblatex)             setting 'casechanger=expl3'.

(C:\Users\ryanb.LAPTOP-4EHB9TVB\AppData\Local\Programs\MiKTeX\tex/latex/biblate
x\blx-case-expl3.sty
(C:\Users\ryanb.LAPTOP-4EHB9TVB\AppData\Local\Programs\MiKTeX\tex/latex/l3packa
ges/xparse\xparse.sty
Package: xparse 2022-01-12 L3 Experimental document command parser
)
Package: blx-case-expl3 2022/02/02 v3.17 expl3 case changing code for biblatex
))
\@quotelevel=\count424
\@quotereset=\count425
 (main.aux)
\openout1 = `main.aux'.

LaTeX Font Info:    Checking defaults for OML/cmm/m/it on input line 42.
LaTeX Font Info:    ... okay on input line 42.
LaTeX Font Info:    Checking defaults for OMS/cmsy/m/n on input line 42.
LaTeX Font Info:    ... okay on input line 42.
LaTeX Font Info:    Checking defaults for OT1/cmr/m/n on input line 42.
LaTeX Font Info:    ... okay on input line 42.
LaTeX Font Info:    Checking defaults for T1/cmr/m/n on input line 42.
LaTeX Font Info:    ... okay on input line 42.
LaTeX Font Info:    Checking defaults for TS1/cmr/m/n on input line 42.
LaTeX Font Info:    ... okay on input line 42.
LaTeX Font Info:    Checking defaults for OMX/cmex/m/n on input line 42.
LaTeX Font Info:    ... okay on input line 42.
LaTeX Font Info:    Checking defaults for U/cmr/m/n on input line 42.
LaTeX Font Info:    ... okay on input line 42.
LaTeX Font Info:    Checking defaults for PD1/pdf/m/n on input line 42.
LaTeX Font Info:    ... okay on input line 42.
LaTeX Font Info:    Checking defaults for PU/pdf/m/n on input line 42.
LaTeX Font Info:    ... okay on input line 42.

*geometry* driver: auto-detecting
*geometry* detected driver: pdftex
*geometry* verbose mode - [ preamble ] result:
* driver: pdftex
* paper: <default>
* layout: <same size as paper>
* layoutoffset:(h,v)=(0.0pt,0.0pt)
* modes: 
* h-part:(L,W,R)=(57.81621pt, 498.66258pt, 57.81621pt)
* v-part:(T,H,B)=(57.81621pt, 679.33757pt, 57.81621pt)
* \paperwidth=614.295pt
* \paperheight=794.96999pt
* \textwidth=498.66258pt
* \textheight=679.33757pt
* \oddsidemargin=-14.45378pt
* \evensidemargin=-14.45378pt
* \topmargin=-51.45378pt
* \headheight=12.0pt
* \headsep=25.0pt
* \topskip=10.0pt
* \footskip=30.0pt
* \marginparwidth=65.0pt
* \marginparsep=11.0pt
* \columnsep=10.0pt
* \skip\footins=9.0pt plus 4.0pt minus 2.0pt
* \hoffset=0.0pt
* \voffset=0.0pt
* \mag=1000
* \@twocolumnfalse
* \@twosidefalse
* \@mparswitchfalse
* \@reversemarginfalse
* (1in=72.27pt=25.4mm, 1cm=28.453pt)

Package hyperref Info: Link coloring OFF on input line 42.

(C:\Users\ryanb.LAPTOP-4EHB9TVB\AppData\Local\Programs\MiKTeX\tex/latex/hyperre
f\nameref.sty
Package: nameref 2021-04-02 v2.47 Cross-referencing by name of section

(C:\Users\ryanb.LAPTOP-4EHB9TVB\AppData\Local\Programs\MiKTeX\tex/latex/refcoun
t\refcount.sty
Package: refcount 2019/12/15 v3.6 Data extraction from label references (HO)
)
(C:\Users\ryanb.LAPTOP-4EHB9TVB\AppData\Local\Programs\MiKTeX\tex/generic/getti
tlestring\gettitlestring.sty
Package: gettitlestring 2019/12/15 v1.6 Cleanup title references (HO)
)
\c@section@level=\count426
)
LaTeX Info: Redefining \ref on input line 42.
LaTeX Info: Redefining \pageref on input line 42.
LaTeX Info: Redefining \nameref on input line 42.
 (main.out) (main.out)
\@outlinefile=\write4
\openout4 = `main.out'.


(C:\Users\ryanb.LAPTOP-4EHB9TVB\AppData\Local\Programs\MiKTeX\tex/context/base/
mkii\supp-pdf.mkii
[Loading MPS to PDF converter (version 2006.09.02).]
\scratchcounter=\count427
\scratchdimen=\dimen184
\scratchbox=\box53
\nofMPsegments=\count428
\nofMParguments=\count429
\everyMPshowfont=\toks25
\MPscratchCnt=\count430
\MPscratchDim=\dimen185
\MPnumerator=\count431
\makeMPintoPDFobject=\count432
\everyMPtoPDFconversion=\toks26
)
(C:\Users\ryanb.LAPTOP-4EHB9TVB\AppData\Local\Programs\MiKTeX\tex/latex/epstopd
f-pkg\epstopdf-base.sty
Package: epstopdf-base 2020-01-24 v2.11 Base part for package epstopdf
Package epstopdf-base Info: Redefining graphics rule for `.eps' on input line 4
85.

(C:\Users\ryanb.LAPTOP-4EHB9TVB\AppData\Local\Programs\MiKTeX\tex/latex/00mikte
x\epstopdf-sys.cfg
File: epstopdf-sys.cfg 2021/03/18 v2.0 Configuration of epstopdf for MiKTeX
))
Package caption Info: Begin \AtBeginDocument code.
Package caption Info: End \AtBeginDocument code.
Package biblatex Info: Trying to load language 'english'...
Package biblatex Info: ... file 'english.lbx' found.

(C:\Users\ryanb.LAPTOP-4EHB9TVB\AppData\Local\Programs\MiKTeX\tex/latex/biblate
x/lbx\english.lbx
File: english.lbx 2022/02/02 v3.17 biblatex localization (PK/MW)
)
Package biblatex Info: Input encoding 'utf8' detected.
Package biblatex Info: Automatic encoding selection.
(biblatex)             Assuming data encoding 'utf8'.
\openout3 = `main.bcf'.

Package biblatex Info: Trying to load bibliographic data...
Package biblatex Info: ... file 'main.bbl' found.
 (main.bbl)
Package biblatex Info: Reference section=0 on input line 42.
Package biblatex Info: Reference segment=0 on input line 42.
LaTeX Font Info:    Trying to load font information for U+msa on input line 45.


(C:\Users\ryanb.LAPTOP-4EHB9TVB\AppData\Local\Programs\MiKTeX\tex/latex/amsfont
s\umsa.fd
File: umsa.fd 2013/01/14 v3.01 AMS symbols A
)
LaTeX Font Info:    Trying to load font information for U+msb on input line 45.


(C:\Users\ryanb.LAPTOP-4EHB9TVB\AppData\Local\Programs\MiKTeX\tex/latex/amsfont
s\umsb.fd
File: umsb.fd 2013/01/14 v3.01 AMS symbols B
)
<images//Q1a_1.pdf, id=97, 433.62pt x 289.08pt>
File: images//Q1a_1.pdf Graphic file (type pdf)
<use images//Q1a_1.pdf>
Package pdftex.def Info: images//Q1a_1.pdf  used on input line 58.
(pdftex.def)             Requested size: 260.17401pt x 173.44933pt.
 [1

{C:/Users/ryanb.LAPTOP-4EHB9TVB/AppData/Local/MiKTeX/fonts/map/pdftex/pdftex.ma
p} <./images//Q1a_1.pdf>]
<images//Q1a_2.pdf, id=151, 433.62pt x 289.08pt>
File: images//Q1a_2.pdf Graphic file (type pdf)
<use images//Q1a_2.pdf>
Package pdftex.def Info: images//Q1a_2.pdf  used on input line 95.
(pdftex.def)             Requested size: 260.17401pt x 173.44933pt.
<images//Q1a_3.pdf, id=154, 722.7pt x 433.62pt>
File: images//Q1a_3.pdf Graphic file (type pdf)
<use images//Q1a_3.pdf>
Package pdftex.def Info: images//Q1a_3.pdf  used on input line 125.
(pdftex.def)             Requested size: 433.62334pt x 260.17401pt.
 [2 <./images//Q1a_2.pdf>]
<images//Q1a_4.pdf, id=196, 1156.32pt x 722.7pt>
File: images//Q1a_4.pdf Graphic file (type pdf)
<use images//Q1a_4.pdf>
Package pdftex.def Info: images//Q1a_4.pdf  used on input line 153.
(pdftex.def)             Requested size: 462.5198pt x 289.07487pt.
 [3 <./images//Q1a_3.pdf>]
<images//Q1a_5.pdf, id=257, 722.7pt x 433.62pt>
File: images//Q1a_5.pdf Graphic file (type pdf)
<use images//Q1a_5.pdf>
Package pdftex.def Info: images//Q1a_5.pdf  used on input line 172.
(pdftex.def)             Requested size: 433.62334pt x 260.17401pt.
 [4 <./images//Q1a_4.pdf>]
<images//Q1a_6.pdf, id=325, 433.62pt x 289.08pt>
File: images//Q1a_6.pdf Graphic file (type pdf)
<use images//Q1a_6.pdf>
Package pdftex.def Info: images//Q1a_6.pdf  used on input line 185.
(pdftex.def)             Requested size: 260.17401pt x 173.44933pt.
 [5 <./images//Q1a_5.pdf>]
<images//Q1a_7a.pdf, id=382, 433.62pt x 289.08pt>
File: images//Q1a_7a.pdf Graphic file (type pdf)
<use images//Q1a_7a.pdf>
Package pdftex.def Info: images//Q1a_7a.pdf  used on input line 217.
(pdftex.def)             Requested size: 224.39664pt x 149.59904pt.
<images//Q1a_7b.pdf, id=383, 433.62pt x 289.08pt>
File: images//Q1a_7b.pdf Graphic file (type pdf)
<use images//Q1a_7b.pdf>
Package pdftex.def Info: images//Q1a_7b.pdf  used on input line 223.
(pdftex.def)             Requested size: 224.39664pt x 149.59904pt.
 [6 <./images//Q1a_6.pdf>]
<images//Q1a_8.pdf, id=435, 433.62pt x 289.08pt>
File: images//Q1a_8.pdf Graphic file (type pdf)
<use images//Q1a_8.pdf>
Package pdftex.def Info: images//Q1a_8.pdf  used on input line 252.
(pdftex.def)             Requested size: 224.39664pt x 149.59904pt.
<images//Q1a_9.pdf, id=436, 433.62pt x 289.08pt>
File: images//Q1a_9.pdf Graphic file (type pdf)
<use images//Q1a_9.pdf>
Package pdftex.def Info: images//Q1a_9.pdf  used on input line 258.
(pdftex.def)             Requested size: 224.39664pt x 149.59904pt.
<images//Q1a_10.pdf, id=437, 433.62pt x 289.08pt>
File: images//Q1a_10.pdf Graphic file (type pdf)
<use images//Q1a_10.pdf>
Package pdftex.def Info: images//Q1a_10.pdf  used on input line 264.
(pdftex.def)             Requested size: 224.39664pt x 149.59904pt.
<images//Q1a_12.pdf, id=438, 867.24pt x 867.24pt>
File: images//Q1a_12.pdf Graphic file (type pdf)
<use images//Q1a_12.pdf>
Package pdftex.def Info: images//Q1a_12.pdf  used on input line 270.
(pdftex.def)             Requested size: 224.39664pt x 224.39198pt.
 [7 <./images//Q1a_7a.pdf> <./images//Q1a_7b.pdf

pdfTeX warning: pdflatex (file ./images//Q1a_7b.pdf): PDF inclusion: multiple p
dfs with page group included in a single page
>] [8 <./images//Q1a_8.pdf> <./images//Q1a_9.pdf

pdfTeX warning: pdflatex (file ./images//Q1a_9.pdf): PDF inclusion: multiple pd
fs with page group included in a single page
> <./images//Q1a_10.pdf

pdfTeX warning: pdflatex (file ./images//Q1a_10.pdf): PDF inclusion: multiple p
dfs with page group included in a single page
> <./images//Q1a_12.pdf

pdfTeX warning: pdflatex (file ./images//Q1a_12.pdf): PDF inclusion: multiple p
dfs with page group included in a single page
>] [9]
<images//Q1b_1.pdf, id=710, 725.62321pt x 225.12103pt>
File: images//Q1b_1.pdf Graphic file (type pdf)
<use images//Q1b_1.pdf>
Package pdftex.def Info: images//Q1b_1.pdf  used on input line 390.
(pdftex.def)             Requested size: 349.06227pt x 108.2973pt.
<images//Q1b_2.pdf, id=711, 867.24pt x 722.7pt>
File: images//Q1b_2.pdf Graphic file (type pdf)
<use images//Q1b_2.pdf>
Package pdftex.def Info: images//Q1b_2.pdf  used on input line 396.
(pdftex.def)             Requested size: 349.06227pt x 290.88338pt.
<images//Q1b_3.pdf, id=713, 433.62pt x 289.08pt>
File: images//Q1b_3.pdf Graphic file (type pdf)
<use images//Q1b_3.pdf>
Package pdftex.def Info: images//Q1b_3.pdf  used on input line 410.
(pdftex.def)             Requested size: 224.39664pt x 149.59904pt.
<images//Q1b_4.pdf, id=714, 433.62pt x 289.08pt>
File: images//Q1b_4.pdf Graphic file (type pdf)
<use images//Q1b_4.pdf>
Package pdftex.def Info: images//Q1b_4.pdf  used on input line 416.
(pdftex.def)             Requested size: 224.39664pt x 149.59904pt.
<images//Q1b_5.pdf, id=718, 867.24pt x 867.24pt>
File: images//Q1b_5.pdf Graphic file (type pdf)
<use images//Q1b_5.pdf>
Package pdftex.def Info: images//Q1b_5.pdf  used on input line 427.
(pdftex.def)             Requested size: 433.61894pt x 433.61894pt.


LaTeX Warning: No positions in optional float specifier.
               Default added (so using `tbp') on input line 447.

<images//Q1b_9.pdf, id=728, 433.62pt x 289.08pt>
File: images//Q1b_9.pdf Graphic file (type pdf)
<use images//Q1b_9.pdf>
Package pdftex.def Info: images//Q1b_9.pdf  used on input line 464.
(pdftex.def)             Requested size: 224.39664pt x 149.59904pt.
<images//Q1b_11.pdf, id=729, 433.62pt x 289.08pt>
File: images//Q1b_11.pdf Graphic file (type pdf)
<use images//Q1b_11.pdf>
Package pdftex.def Info: images//Q1b_11.pdf  used on input line 470.
(pdftex.def)             Requested size: 224.39664pt x 149.59904pt.
<images//Q1b_12.pdf, id=738, 433.62pt x 289.08pt>
File: images//Q1b_12.pdf Graphic file (type pdf)
<use images//Q1b_12.pdf>
Package pdftex.def Info: images//Q1b_12.pdf  used on input line 483.
(pdftex.def)             Requested size: 224.39664pt x 149.59904pt.
<images//Q1b_13.pdf, id=739, 433.62pt x 289.08pt>
File: images//Q1b_13.pdf Graphic file (type pdf)
<use images//Q1b_13.pdf>
Package pdftex.def Info: images//Q1b_13.pdf  used on input line 489.
(pdftex.def)             Requested size: 224.39664pt x 149.59904pt.
<images//Q1b_14.pdf, id=740, 433.62pt x 289.08pt>
File: images//Q1b_14.pdf Graphic file (type pdf)
<use images//Q1b_14.pdf>
Package pdftex.def Info: images//Q1b_14.pdf  used on input line 499.
(pdftex.def)             Requested size: 303.53192pt x 202.35461pt.
<images//Q1b_15.pdf, id=742, 433.62pt x 289.08pt>
File: images//Q1b_15.pdf Graphic file (type pdf)
<use images//Q1b_15.pdf>
Package pdftex.def Info: images//Q1b_15.pdf  used on input line 510.
(pdftex.def)             Requested size: 224.39664pt x 149.59904pt.
<images//Q1b_16.pdf, id=743, 433.62pt x 289.08pt>
File: images//Q1b_16.pdf Graphic file (type pdf)
<use images//Q1b_16.pdf>
Package pdftex.def Info: images//Q1b_16.pdf  used on input line 516.
(pdftex.def)             Requested size: 224.39664pt x 149.59904pt.
[10] [11 <./images//Q1b_1.pdf> <./images//Q1b_2.pdf

pdfTeX warning: pdflatex (file ./images//Q1b_2.pdf): PDF inclusion: multiple pd
fs with page group included in a single page
>] [12 <./images//Q1b_3.pdf> <./images//Q1b_4.pdf

pdfTeX warning: pdflatex (file ./images//Q1b_4.pdf): PDF inclusion: multiple pd
fs with page group included in a single page
>] [13 <./images//Q1b_5.pdf> <./images//Q1b_9.pdf

pdfTeX warning: pdflatex (file ./images//Q1b_9.pdf): PDF inclusion: multiple pd
fs with page group included in a single page
> <./images//Q1b_11.pdf

pdfTeX warning: pdflatex (file ./images//Q1b_11.pdf): PDF inclusion: multiple p
dfs with page group included in a single page
>] [14 <./images//Q1b_12.pdf> <./images//Q1b_13.pdf

pdfTeX warning: pdflatex (file ./images//Q1b_13.pdf): PDF inclusion: multiple p
dfs with page group included in a single page
> <./images//Q1b_14.pdf

pdfTeX warning: pdflatex (file ./images//Q1b_14.pdf): PDF inclusion: multiple p
dfs with page group included in a single page
> <./images//Q1b_15.pdf

pdfTeX warning: pdflatex (file ./images//Q1b_15.pdf): PDF inclusion: multiple p
dfs with page group included in a single page
> <./images//Q1b_16.pdf

pdfTeX warning: pdflatex (file ./images//Q1b_16.pdf): PDF inclusion: multiple p
dfs with page group included in a single page
>]
<images//Q2_1.pdf, id=1278, 433.62pt x 289.08pt>
File: images//Q2_1.pdf Graphic file (type pdf)
<use images//Q2_1.pdf>
Package pdftex.def Info: images//Q2_1.pdf  used on input line 551.
(pdftex.def)             Requested size: 216.80946pt x 144.53964pt.
 [15

 <./images//Q2_1.pdf>] [16]
<images//Q2_2.pdf, id=1341, 433.62pt x 289.08pt>
File: images//Q2_2.pdf Graphic file (type pdf)
<use images//Q2_2.pdf>
Package pdftex.def Info: images//Q2_2.pdf  used on input line 665.
(pdftex.def)             Requested size: 224.39664pt x 149.59904pt.
<images//Q2_3.pdf, id=1342, 433.62pt x 289.08pt>
File: images//Q2_3.pdf Graphic file (type pdf)
<use images//Q2_3.pdf>
Package pdftex.def Info: images//Q2_3.pdf  used on input line 671.
(pdftex.def)             Requested size: 224.39664pt x 149.59904pt.
<images//Q2_4.pdf, id=1345, 433.62pt x 289.08pt>
File: images//Q2_4.pdf Graphic file (type pdf)
<use images//Q2_4.pdf>
Package pdftex.def Info: images//Q2_4.pdf  used on input line 683.
(pdftex.def)             Requested size: 216.80946pt x 144.53964pt.
 [17 <./images//Q2_2.pdf> <./images//Q2_3.pdf

pdfTeX warning: pdflatex (file ./images//Q2_3.pdf): PDF inclusion: multiple pdf
s with page group included in a single page
>]
<images//Q2_5.pdf, id=1387, 578.16pt x 578.16pt>
File: images//Q2_5.pdf Graphic file (type pdf)
<use images//Q2_5.pdf>
Package pdftex.def Info: images//Q2_5.pdf  used on input line 707.
(pdftex.def)             Requested size: 224.39664pt x 224.39638pt.
<images//Q2_7.pdf, id=1388, 433.62pt x 289.08pt>
File: images//Q2_7.pdf Graphic file (type pdf)
<use images//Q2_7.pdf>
Package pdftex.def Info: images//Q2_7.pdf  used on input line 712.
(pdftex.def)             Requested size: 224.39664pt x 149.59904pt.
<images//Q2_8.pdf, id=1389, 433.62pt x 289.08pt>
File: images//Q2_8.pdf Graphic file (type pdf)
<use images//Q2_8.pdf>
Package pdftex.def Info: images//Q2_8.pdf  used on input line 717.
(pdftex.def)             Requested size: 224.39664pt x 149.59904pt.
<images//Q2_6.pdf, id=1390, 578.16pt x 2023.56pt>
File: images//Q2_6.pdf Graphic file (type pdf)
<use images//Q2_6.pdf>
Package pdftex.def Info: images//Q2_6.pdf  used on input line 723.
(pdftex.def)             Requested size: 174.53494pt x 610.87056pt.


LaTeX Warning: Float too large for page by 17.53299pt on input line 729.

[18 <./images//Q2_4.pdf>] [19 <./images//Q2_5.pdf> <./images//Q2_7.pdf

pdfTeX warning: pdflatex (file ./images//Q2_7.pdf): PDF inclusion: multiple pdf
s with page group included in a single page
> <./images//Q2_8.pdf

pdfTeX warning: pdflatex (file ./images//Q2_8.pdf): PDF inclusion: multiple pdf
s with page group included in a single page
> <./images//Q2_6.pdf

pdfTeX warning: pdflatex (file ./images//Q2_6.pdf): PDF inclusion: multiple pdf
s with page group included in a single page
>]
<images//Q2_9.pdf, id=1601, 433.62pt x 289.08pt>
File: images//Q2_9.pdf Graphic file (type pdf)
<use images//Q2_9.pdf>
Package pdftex.def Info: images//Q2_9.pdf  used on input line 754.
(pdftex.def)             Requested size: 149.6003pt x 99.7327pt.
<images//Q2_10.pdf, id=1602, 433.62pt x 289.08pt>
File: images//Q2_10.pdf Graphic file (type pdf)
<use images//Q2_10.pdf>
Package pdftex.def Info: images//Q2_10.pdf  used on input line 760.
(pdftex.def)             Requested size: 149.6003pt x 99.7327pt.
<images//Q2_11.pdf, id=1603, 433.62pt x 289.08pt>
File: images//Q2_11.pdf Graphic file (type pdf)
<use images//Q2_11.pdf>
Package pdftex.def Info: images//Q2_11.pdf  used on input line 766.
(pdftex.def)             Requested size: 149.6003pt x 99.7327pt.
<images//Q2_12.pdf, id=1607, 433.62pt x 289.08pt>
File: images//Q2_12.pdf Graphic file (type pdf)
<use images//Q2_12.pdf>
Package pdftex.def Info: images//Q2_12.pdf  used on input line 789.
(pdftex.def)             Requested size: 224.39664pt x 149.59904pt.
<images//Q2_13.pdf, id=1608, 433.62pt x 289.08pt>
File: images//Q2_13.pdf Graphic file (type pdf)
<use images//Q2_13.pdf>
Package pdftex.def Info: images//Q2_13.pdf  used on input line 795.
(pdftex.def)             Requested size: 224.39664pt x 149.59904pt.
 [20 <./images//Q2_9.pdf> <./images//Q2_10.pdf

pdfTeX warning: pdflatex (file ./images//Q2_10.pdf): PDF inclusion: multiple pd
fs with page group included in a single page
> <./images//Q2_11.pdf

pdfTeX warning: pdflatex (file ./images//Q2_11.pdf): PDF inclusion: multiple pd
fs with page group included in a single page
>] [21 <./images//Q2_12.pdf> <./images//Q2_13.pdf

pdfTeX warning: pdflatex (file ./images//Q2_13.pdf): PDF inclusion: multiple pd
fs with page group included in a single page
>] [22


] (main.aux)
Package rerunfilecheck Info: File `main.out' has not changed.
(rerunfilecheck)             Checksum: 5CA59FAAEBD0DFEB321265AE432CC1BE;4770.
Package logreq Info: Writing requests to 'main.run.xml'.
\openout1 = `main.run.xml'.

 ) 
Here is how much of TeX's memory you used:
 20077 strings out of 478582
 356730 string characters out of 2836793
 1062889 words of memory out of 3000000
 37844 multiletter control sequences out of 15000+600000
 485348 words of font info for 87 fonts, out of 8000000 for 9000
 1141 hyphenation exceptions out of 8191
 60i,10n,68p,1919b,1270s stack positions out of 10000i,1000n,20000p,200000b,80000s
 <C:\Users\ryanb.LAPTOP-4EHB9TVB\AppData\Local\MiKTeX\fonts/pk/ljfour/jknappe
n/ec/dpi600\tcrm1000.pk><C:/Users/ryanb.LAPTOP-4EHB9TVB/AppData/Local/Programs/
MiKTeX/fonts/type1/public/amsfonts/cm/cmbx10.pfb><C:/Users/ryanb.LAPTOP-4EHB9TV
B/AppData/Local/Programs/MiKTeX/fonts/type1/public/amsfonts/cm/cmbx12.pfb><C:/U
sers/ryanb.LAPTOP-4EHB9TVB/AppData/Local/Programs/MiKTeX/fonts/type1/public/ams
fonts/cm/cmbx6.pfb><C:/Users/ryanb.LAPTOP-4EHB9TVB/AppData/Local/Programs/MiKTe
X/fonts/type1/public/amsfonts/cm/cmbx9.pfb><C:/Users/ryanb.LAPTOP-4EHB9TVB/AppD
ata/Local/Programs/MiKTeX/fonts/type1/public/amsfonts/cm/cmex10.pfb><C:/Users/r
yanb.LAPTOP-4EHB9TVB/AppData/Local/Programs/MiKTeX/fonts/type1/public/amsfonts/
cm/cmmi10.pfb><C:/Users/ryanb.LAPTOP-4EHB9TVB/AppData/Local/Programs/MiKTeX/fon
ts/type1/public/amsfonts/cm/cmmi5.pfb><C:/Users/ryanb.LAPTOP-4EHB9TVB/AppData/L
ocal/Programs/MiKTeX/fonts/type1/public/amsfonts/cm/cmmi6.pfb><C:/Users/ryanb.L
APTOP-4EHB9TVB/AppData/Local/Programs/MiKTeX/fonts/type1/public/amsfonts/cm/cmm
i7.pfb><C:/Users/ryanb.LAPTOP-4EHB9TVB/AppData/Local/Programs/MiKTeX/fonts/type
1/public/amsfonts/cm/cmmi9.pfb><C:/Users/ryanb.LAPTOP-4EHB9TVB/AppData/Local/Pr
ograms/MiKTeX/fonts/type1/public/amsfonts/cm/cmmib10.pfb><C:/Users/ryanb.LAPTOP
-4EHB9TVB/AppData/Local/Programs/MiKTeX/fonts/type1/public/amsfonts/cmextra/cmm
ib7.pfb><C:/Users/ryanb.LAPTOP-4EHB9TVB/AppData/Local/Programs/MiKTeX/fonts/typ
e1/public/amsfonts/cmextra/cmmib9.pfb><C:/Users/ryanb.LAPTOP-4EHB9TVB/AppData/L
ocal/Programs/MiKTeX/fonts/type1/public/amsfonts/cm/cmr10.pfb><C:/Users/ryanb.L
APTOP-4EHB9TVB/AppData/Local/Programs/MiKTeX/fonts/type1/public/amsfonts/cm/cmr
12.pfb><C:/Users/ryanb.LAPTOP-4EHB9TVB/AppData/Local/Programs/MiKTeX/fonts/type
1/public/amsfonts/cm/cmr17.pfb><C:/Users/ryanb.LAPTOP-4EHB9TVB/AppData/Local/Pr
ograms/MiKTeX/fonts/type1/public/amsfonts/cm/cmr5.pfb><C:/Users/ryanb.LAPTOP-4E
HB9TVB/AppData/Local/Programs/MiKTeX/fonts/type1/public/amsfonts/cm/cmr6.pfb><C
:/Users/ryanb.LAPTOP-4EHB9TVB/AppData/Local/Programs/MiKTeX/fonts/type1/public/
amsfonts/cm/cmr7.pfb><C:/Users/ryanb.LAPTOP-4EHB9TVB/AppData/Local/Programs/MiK
TeX/fonts/type1/public/amsfonts/cm/cmr8.pfb><C:/Users/ryanb.LAPTOP-4EHB9TVB/App
Data/Local/Programs/MiKTeX/fonts/type1/public/amsfonts/cm/cmr9.pfb><C:/Users/ry
anb.LAPTOP-4EHB9TVB/AppData/Local/Programs/MiKTeX/fonts/type1/public/amsfonts/c
m/cmsy10.pfb><C:/Users/ryanb.LAPTOP-4EHB9TVB/AppData/Local/Programs/MiKTeX/font
s/type1/public/amsfonts/cm/cmsy5.pfb><C:/Users/ryanb.LAPTOP-4EHB9TVB/AppData/Lo
cal/Programs/MiKTeX/fonts/type1/public/amsfonts/cm/cmsy6.pfb><C:/Users/ryanb.LA
PTOP-4EHB9TVB/AppData/Local/Programs/MiKTeX/fonts/type1/public/amsfonts/cm/cmsy
7.pfb><C:/Users/ryanb.LAPTOP-4EHB9TVB/AppData/Local/Programs/MiKTeX/fonts/type1
/public/amsfonts/cm/cmsy9.pfb><C:/Users/ryanb.LAPTOP-4EHB9TVB/AppData/Local/Pro
grams/MiKTeX/fonts/type1/public/amsfonts/cm/cmti10.pfb><C:/Users/ryanb.LAPTOP-4
EHB9TVB/AppData/Local/Programs/MiKTeX/fonts/type1/public/amsfonts/cm/cmtt10.pfb
><C:/Users/ryanb.LAPTOP-4EHB9TVB/AppData/Local/Programs/MiKTeX/fonts/type1/publ
ic/amsfonts/symbols/msbm10.pfb>
Output written on main.pdf (22 pages, 2074908 bytes).
PDF statistics:
 1973 PDF objects out of 2073 (max. 8388607)
 143 named destinations out of 1000 (max. 500000)
 370 words of extra memory for PDF output out of 10000 (max. 10000000)

